Watching for file changes with StatReloader
[04/Jun/2026 13:36:39] "GET /api/editor/problems/ HTTP/1.1" 200 58352
[04/Jun/2026 13:36:54] "GET /editor/ HTTP/1.1" 200 85254
[04/Jun/2026 13:37:18] "GET /editor/ HTTP/1.1" 200 85254
[04/Jun/2026 13:37:39] "GET / HTTP/1.1" 302 0
[04/Jun/2026 13:37:39] "GET /editor/ HTTP/1.1" 200 85254
[04/Jun/2026 13:40:39] "GET /api/editor/problems/ HTTP/1.1" 200 58352
[04/Jun/2026 13:40:56] "GET /editor/ HTTP/1.1" 200 77306
[04/Jun/2026 13:41:34] "GET /editor/ HTTP/1.1" 200 77500
[04/Jun/2026 13:41:35] "GET /api/editor/problems/ HTTP/1.1" 200 58352
[04/Jun/2026 13:44:13] "GET / HTTP/1.1" 302 0
[04/Jun/2026 13:44:13] "GET /editor/ HTTP/1.1" 200 77500
[04/Jun/2026 13:44:14] "GET /api/editor/problems/ HTTP/1.1" 200 58352
[04/Jun/2026 13:44:24] "GET /api/editor/problems/TS_01.%EC%B4%88%EB%93%B1%ED%95%99%EA%B5%90_3%ED%95%99%EB%85%84_01.%EA%B0%9D%EA%B4%80%EC%8B%9D/S3_%EC%B4%88%EB%93%B1_3_008560.dsl.py/ HTTP/1.1" 200 21197
[04/Jun/2026 13:45:32] "GET /editor/ HTTP/1.1" 200 77471
[04/Jun/2026 13:46:03] "GET /editor/ HTTP/1.1" 200 77471
[04/Jun/2026 13:46:12] "GET /editor/ HTTP/1.1" 200 77471
Not Found: /favicon.ico
[04/Jun/2026 13:46:12] "GET /favicon.ico HTTP/1.1" 404 2329
[04/Jun/2026 13:46:13] "GET /api/editor/problems/ HTTP/1.1" 200 58352
[04/Jun/2026 13:46:27] "GET /api/editor/problems/TS_01.%EC%B4%88%EB%93%B1%ED%95%99%EA%B5%90_3%ED%95%99%EB%85%84_01.%EA%B0%9D%EA%B4%80%EC%8B%9D/S3_%EC%B4%88%EB%93%B1_3_008560.dsl.py/ HTTP/1.1" 200 21197
[04/Jun/2026 13:47:49] "GET /editor/ HTTP/1.1" 200 77471
Not Found: /favicon.ico
[04/Jun/2026 13:47:49] "GET /favicon.ico HTTP/1.1" 404 2329
[04/Jun/2026 13:47:49] "GET /api/editor/problems/ HTTP/1.1" 200 58352
[04/Jun/2026 13:47:52] "GET /api/editor/problems/TS_01.%EC%B4%88%EB%93%B1%ED%95%99%EA%B5%90_3%ED%95%99%EB%85%84_01.%EA%B0%9D%EA%B4%80%EC%8B%9D/S3_%EC%B4%88%EB%93%B1_3_008560.dsl.py/ HTTP/1.1" 200 21197
[04/Jun/2026 13:48:14] "GET /editor/ HTTP/1.1" 200 77471
[04/Jun/2026 13:48:15] "GET /api/editor/problems/ HTTP/1.1" 200 58352
[04/Jun/2026 13:48:21] "GET /api/editor/problems/TS_01.%EC%B4%88%EB%93%B1%ED%95%99%EA%B5%90_3%ED%95%99%EB%85%84_01.%EA%B0%9D%EA%B4%80%EC%8B%9D/S3_%EC%B4%88%EB%93%B1_3_008560.dsl.py/ HTTP/1.1" 200 21197
[04/Jun/2026 13:48:27] "POST /api/editor/problems/TS_01.%EC%B4%88%EB%93%B1%ED%95%99%EA%B5%90_3%ED%95%99%EB%85%84_01.%EA%B0%9D%EA%B4%80%EC%8B%9D/S3_%EC%B4%88%EB%93%B1_3_008560.dsl.py/layout-patch-and-build/ HTTP/1.1" 200 20887
[04/Jun/2026 13:48:33] "POST /api/editor/problems/TS_01.%EC%B4%88%EB%93%B1%ED%95%99%EA%B5%90_3%ED%95%99%EB%85%84_01.%EA%B0%9D%EA%B4%80%EC%8B%9D/S3_%EC%B4%88%EB%93%B1_3_008560.dsl.py/layout-patch-and-build/ HTTP/1.1" 200 21087
[04/Jun/2026 13:48:36] "POST /api/editor/problems/TS_01.%EC%B4%88%EB%93%B1%ED%95%99%EA%B5%90_3%ED%95%99%EB%85%84_01.%EA%B0%9D%EA%B4%80%EC%8B%9D/S3_%EC%B4%88%EB%93%B1_3_008560.dsl.py/layout-patch-and-build/ HTTP/1.1" 200 20397
[04/Jun/2026 13:48:40] "POST /api/editor/problems/TS_01.%EC%B4%88%EB%93%B1%ED%95%99%EA%B5%90_3%ED%95%99%EB%85%84_01.%EA%B0%9D%EA%B4%80%EC%8B%9D/S3_%EC%B4%88%EB%93%B1_3_008560.dsl.py/layout-patch-and-build/ HTTP/1.1" 200 21023
[04/Jun/2026 13:48:45] "POST /api/editor/problems/TS_01.%EC%B4%88%EB%93%B1%ED%95%99%EA%B5%90_3%ED%95%99%EB%85%84_01.%EA%B0%9D%EA%B4%80%EC%8B%9D/S3_%EC%B4%88%EB%93%B1_3_008560.dsl.py/layout-patch-and-build/ HTTP/1.1" 200 20403
[04/Jun/2026 13:48:47] "POST /api/editor/problems/TS_01.%EC%B4%88%EB%93%B1%ED%95%99%EA%B5%90_3%ED%95%99%EB%85%84_01.%EA%B0%9D%EA%B4%80%EC%8B%9D/S3_%EC%B4%88%EB%93%B1_3_008560.dsl.py/layout-patch-and-build/ HTTP/1.1" 200 20395
[04/Jun/2026 13:48:51] "POST /api/editor/problems/TS_01.%EC%B4%88%EB%93%B1%ED%95%99%EA%B5%90_3%ED%95%99%EB%85%84_01.%EA%B0%9D%EA%B4%80%EC%8B%9D/S3_%EC%B4%88%EB%93%B1_3_008560.dsl.py/layout-patch-and-build/ HTTP/1.1" 200 20395
[04/Jun/2026 13:48:54] "POST /api/editor/problems/TS_01.%EC%B4%88%EB%93%B1%ED%95%99%EA%B5%90_3%ED%95%99%EB%85%84_01.%EA%B0%9D%EA%B4%80%EC%8B%9D/S3_%EC%B4%88%EB%93%B1_3_008560.dsl.py/layout-patch-and-build/ HTTP/1.1" 200 20395
[04/Jun/2026 13:48:56] "POST /api/editor/problems/TS_01.%EC%B4%88%EB%93%B1%ED%95%99%EA%B5%90_3%ED%95%99%EB%85%84_01.%EA%B0%9D%EA%B4%80%EC%8B%9D/S3_%EC%B4%88%EB%93%B1_3_008560.dsl.py/layout-patch-and-build/ HTTP/1.1" 200 20403
[04/Jun/2026 13:48:59] "POST /api/editor/problems/TS_01.%EC%B4%88%EB%93%B1%ED%95%99%EA%B5%90_3%ED%95%99%EB%85%84_01.%EA%B0%9D%EA%B4%80%EC%8B%9D/S3_%EC%B4%88%EB%93%B1_3_008560.dsl.py/layout-patch-and-build/ HTTP/1.1" 200 20403
[04/Jun/2026 13:49:03] "POST /api/editor/problems/TS_01.%EC%B4%88%EB%93%B1%ED%95%99%EA%B5%90_3%ED%95%99%EB%85%84_01.%EA%B0%9D%EA%B4%80%EC%8B%9D/S3_%EC%B4%88%EB%93%B1_3_008560.dsl.py/layout-patch-and-build/ HTTP/1.1" 200 20403
[04/Jun/2026 13:49:08] "POST /api/editor/problems/TS_01.%EC%B4%88%EB%93%B1%ED%95%99%EA%B5%90_3%ED%95%99%EB%85%84_01.%EA%B0%9D%EA%B4%80%EC%8B%9D/S3_%EC%B4%88%EB%93%B1_3_008560.dsl.py/layout-patch-and-build/ HTTP/1.1" 200 20393
[04/Jun/2026 13:49:12] "POST /api/editor/problems/TS_01.%EC%B4%88%EB%93%B1%ED%95%99%EA%B5%90_3%ED%95%99%EB%85%84_01.%EA%B0%9D%EA%B4%80%EC%8B%9D/S3_%EC%B4%88%EB%93%B1_3_008560.dsl.py/layout-patch-and-build/ HTTP/1.1" 200 20401
[04/Jun/2026 13:49:17] "POST /api/editor/problems/TS_01.%EC%B4%88%EB%93%B1%ED%95%99%EA%B5%90_3%ED%95%99%EB%85%84_01.%EA%B0%9D%EA%B4%80%EC%8B%9D/S3_%EC%B4%88%EB%93%B1_3_008560.dsl.py/layout-patch-and-build/ HTTP/1.1" 200 20518
[04/Jun/2026 13:49:23] "POST /api/editor/problems/TS_01.%EC%B4%88%EB%93%B1%ED%95%99%EA%B5%90_3%ED%95%99%EB%85%84_01.%EA%B0%9D%EA%B4%80%EC%8B%9D/S3_%EC%B4%88%EB%93%B1_3_008560.dsl.py/layout-patch-and-build/ HTTP/1.1" 200 20490
[04/Jun/2026 13:51:25] "POST /api/editor/problems/TS_01.%EC%B4%88%EB%93%B1%ED%95%99%EA%B5%90_3%ED%95%99%EB%85%84_01.%EA%B0%9D%EA%B4%80%EC%8B%9D/S3_%EC%B4%88%EB%93%B1_3_008560.dsl.py/dsl/ HTTP/1.1" 200 128
[04/Jun/2026 13:51:27] "POST /api/editor/problems/TS_01.%EC%B4%88%EB%93%B1%ED%95%99%EA%B5%90_3%ED%95%99%EB%85%84_01.%EA%B0%9D%EA%B4%80%EC%8B%9D/S3_%EC%B4%88%EB%93%B1_3_008560.dsl.py/build/ HTTP/1.1" 200 11202
[04/Jun/2026 13:51:27] "GET /api/editor/problems/ HTTP/1.1" 200 58352
[04/Jun/2026 13:51:48] "POST /api/editor/problems/TS_01.%EC%B4%88%EB%93%B1%ED%95%99%EA%B5%90_3%ED%95%99%EB%85%84_01.%EA%B0%9D%EA%B4%80%EC%8B%9D/S3_%EC%B4%88%EB%93%B1_3_008560.dsl.py/layout-patch-and-build/ HTTP/1.1" 200 20592
[04/Jun/2026 13:51:55] "POST /api/editor/problems/TS_01.%EC%B4%88%EB%93%B1%ED%95%99%EA%B5%90_3%ED%95%99%EB%85%84_01.%EA%B0%9D%EA%B4%80%EC%8B%9D/S3_%EC%B4%88%EB%93%B1_3_008560.dsl.py/layout-patch-and-build/ HTTP/1.1" 200 20592
[04/Jun/2026 13:51:58] "POST /api/editor/problems/TS_01.%EC%B4%88%EB%93%B1%ED%95%99%EA%B5%90_3%ED%95%99%EB%85%84_01.%EA%B0%9D%EA%B4%80%EC%8B%9D/S3_%EC%B4%88%EB%93%B1_3_008560.dsl.py/layout-patch-and-build/ HTTP/1.1" 200 20592
[04/Jun/2026 13:52:00] "POST /api/editor/problems/TS_01.%EC%B4%88%EB%93%B1%ED%95%99%EA%B5%90_3%ED%95%99%EB%85%84_01.%EA%B0%9D%EA%B4%80%EC%8B%9D/S3_%EC%B4%88%EB%93%B1_3_008560.dsl.py/layout-patch-and-build/ HTTP/1.1" 200 20592
[04/Jun/2026 13:52:06] "POST /api/editor/problems/TS_01.%EC%B4%88%EB%93%B1%ED%95%99%EA%B5%90_3%ED%95%99%EB%85%84_01.%EA%B0%9D%EA%B4%80%EC%8B%9D/S3_%EC%B4%88%EB%93%B1_3_008560.dsl.py/layout-patch-and-build/ HTTP/1.1" 200 20592
[04/Jun/2026 13:52:09] "POST /api/editor/problems/TS_01.%EC%B4%88%EB%93%B1%ED%95%99%EA%B5%90_3%ED%95%99%EB%85%84_01.%EA%B0%9D%EA%B4%80%EC%8B%9D/S3_%EC%B4%88%EB%93%B1_3_008560.dsl.py/layout-patch-and-build/ HTTP/1.1" 200 20676
[04/Jun/2026 13:52:11] "POST /api/editor/problems/TS_01.%EC%B4%88%EB%93%B1%ED%95%99%EA%B5%90_3%ED%95%99%EB%85%84_01.%EA%B0%9D%EA%B4%80%EC%8B%9D/S3_%EC%B4%88%EB%93%B1_3_008560.dsl.py/layout-patch-and-build/ HTTP/1.1" 200 20676
[04/Jun/2026 13:52:13] "POST /api/editor/problems/TS_01.%EC%B4%88%EB%93%B1%ED%95%99%EA%B5%90_3%ED%95%99%EB%85%84_01.%EA%B0%9D%EA%B4%80%EC%8B%9D/S3_%EC%B4%88%EB%93%B1_3_008560.dsl.py/layout-patch-and-build/ HTTP/1.1" 200 20676
[04/Jun/2026 13:52:15] "POST /api/editor/problems/TS_01.%EC%B4%88%EB%93%B1%ED%95%99%EA%B5%90_3%ED%95%99%EB%85%84_01.%EA%B0%9D%EA%B4%80%EC%8B%9D/S3_%EC%B4%88%EB%93%B1_3_008560.dsl.py/layout-patch-and-build/ HTTP/1.1" 200 20676
[04/Jun/2026 13:52:17] "POST /api/editor/problems/TS_01.%EC%B4%88%EB%93%B1%ED%95%99%EA%B5%90_3%ED%95%99%EB%85%84_01.%EA%B0%9D%EA%B4%80%EC%8B%9D/S3_%EC%B4%88%EB%93%B1_3_008560.dsl.py/layout-patch-and-build/ HTTP/1.1" 200 20676
[04/Jun/2026 13:52:18] "POST /api/editor/problems/TS_01.%EC%B4%88%EB%93%B1%ED%95%99%EA%B5%90_3%ED%95%99%EB%85%84_01.%EA%B0%9D%EA%B4%80%EC%8B%9D/S3_%EC%B4%88%EB%93%B1_3_008560.dsl.py/dsl/ HTTP/1.1" 200 128
[04/Jun/2026 13:52:20] "POST /api/editor/problems/TS_01.%EC%B4%88%EB%93%B1%ED%95%99%EA%B5%90_3%ED%95%99%EB%85%84_01.%EA%B0%9D%EA%B4%80%EC%8B%9D/S3_%EC%B4%88%EB%93%B1_3_008560.dsl.py/build/ HTTP/1.1" 200 11202
[04/Jun/2026 13:52:20] "GET /api/editor/problems/ HTTP/1.1" 200 58352
[04/Jun/2026 13:53:22] "GET / HTTP/1.1" 302 0
[04/Jun/2026 13:53:22] "GET /editor/ HTTP/1.1" 200 82578
[04/Jun/2026 13:53:23] "GET /api/editor/problems/ HTTP/1.1" 200 58352
[04/Jun/2026 13:53:28] "GET /editor/ HTTP/1.1" 200 82578
[04/Jun/2026 13:53:29] "GET /api/editor/problems/TS_01.%EC%B4%88%EB%93%B1%ED%95%99%EA%B5%90_3%ED%95%99%EB%85%84_01.%EA%B0%9D%EA%B4%80%EC%8B%9D/S3_%EC%B4%88%EB%93%B1_3_008560.dsl.py/ HTTP/1.1" 200 19822
[04/Jun/2026 13:53:46] "GET /api/editor/problems/TS_01.%EC%B4%88%EB%93%B1%ED%95%99%EA%B5%90_3%ED%95%99%EB%85%84_01.%EA%B0%9D%EA%B4%80%EC%8B%9D/S3_%EC%B4%88%EB%93%B1_3_008561.dsl.py/ HTTP/1.1" 200 30922
[04/Jun/2026 13:54:14] "GET /editor/ HTTP/1.1" 200 82578
Not Found: /favicon.ico
[04/Jun/2026 13:54:14] "GET /favicon.ico HTTP/1.1" 404 2329
[04/Jun/2026 13:54:15] "GET /api/editor/problems/ HTTP/1.1" 200 58352
[04/Jun/2026 13:54:17] "GET /api/editor/problems/TS_01.%EC%B4%88%EB%93%B1%ED%95%99%EA%B5%90_3%ED%95%99%EB%85%84_01.%EA%B0%9D%EA%B4%80%EC%8B%9D/S3_%EC%B4%88%EB%93%B1_3_008560.dsl.py/ HTTP/1.1" 200 19822
[04/Jun/2026 13:54:59] "GET /api/editor/problems/TS_01.%EC%B4%88%EB%93%B1%ED%95%99%EA%B5%90_3%ED%95%99%EB%85%84_01.%EA%B0%9D%EA%B4%80%EC%8B%9D/S3_%EC%B4%88%EB%93%B1_3_008560.dsl.py/ HTTP/1.1" 200 19822
[04/Jun/2026 13:55:05] "POST /api/editor/problems/TS_01.%EC%B4%88%EB%93%B1%ED%95%99%EA%B5%90_3%ED%95%99%EB%85%84_01.%EA%B0%9D%EA%B4%80%EC%8B%9D/S3_%EC%B4%88%EB%93%B1_3_008560.dsl.py/layout-patch-and-build/ HTTP/1.1" 200 20390
[04/Jun/2026 13:55:11] "GET /editor/ HTTP/1.1" 200 82578
[04/Jun/2026 13:55:12] "GET /api/editor/problems/ HTTP/1.1" 200 58352
[04/Jun/2026 13:55:14] "POST /api/editor/problems/TS_01.%EC%B4%88%EB%93%B1%ED%95%99%EA%B5%90_3%ED%95%99%EB%85%84_01.%EA%B0%9D%EA%B4%80%EC%8B%9D/S3_%EC%B4%88%EB%93%B1_3_008560.dsl.py/dsl/ HTTP/1.1" 200 128
[04/Jun/2026 13:55:14] "GET /api/editor/problems/TS_01.%EC%B4%88%EB%93%B1%ED%95%99%EA%B5%90_3%ED%95%99%EB%85%84_01.%EA%B0%9D%EA%B4%80%EC%8B%9D/S3_%EC%B4%88%EB%93%B1_3_008560.dsl.py/ HTTP/1.1" 200 19832
[04/Jun/2026 13:55:15] "POST /api/editor/problems/TS_01.%EC%B4%88%EB%93%B1%ED%95%99%EA%B5%90_3%ED%95%99%EB%85%84_01.%EA%B0%9D%EA%B4%80%EC%8B%9D/S3_%EC%B4%88%EB%93%B1_3_008560.dsl.py/build/ HTTP/1.1" 200 11211
[04/Jun/2026 13:55:16] "GET /api/editor/problems/ HTTP/1.1" 200 58352
[04/Jun/2026 13:55:38] "GET /editor/ HTTP/1.1" 200 82951
[04/Jun/2026 13:56:07] "GET /editor/ HTTP/1.1" 200 82951
[04/Jun/2026 13:56:08] "GET /api/editor/problems/ HTTP/1.1" 200 58352
[04/Jun/2026 13:56:10] "GET /api/editor/problems/TS_01.%EC%B4%88%EB%93%B1%ED%95%99%EA%B5%90_3%ED%95%99%EB%85%84_01.%EA%B0%9D%EA%B4%80%EC%8B%9D/S3_%EC%B4%88%EB%93%B1_3_008560.dsl.py/ HTTP/1.1" 200 19832
[04/Jun/2026 13:57:09] "GET / HTTP/1.1" 302 0
[04/Jun/2026 13:57:09] "GET /editor/ HTTP/1.1" 200 82951
[04/Jun/2026 13:57:10] "GET /api/editor/problems/ HTTP/1.1" 200 58352
[04/Jun/2026 13:57:15] "GET /api/editor/problems/TS_01.%EC%B4%88%EB%93%B1%ED%95%99%EA%B5%90_3%ED%95%99%EB%85%84_01.%EA%B0%9D%EA%B4%80%EC%8B%9D/S3_%EC%B4%88%EB%93%B1_3_008560.dsl.py/ HTTP/1.1" 200 20317
[04/Jun/2026 13:57:23] "GET /editor/ HTTP/1.1" 200 82951
[04/Jun/2026 13:57:24] "GET /api/editor/problems/ HTTP/1.1" 200 58352
[04/Jun/2026 13:57:27] "GET /api/editor/problems/TS_01.%EC%B4%88%EB%93%B1%ED%95%99%EA%B5%90_3%ED%95%99%EB%85%84_01.%EA%B0%9D%EA%B4%80%EC%8B%9D/S3_%EC%B4%88%EB%93%B1_3_008560.dsl.py/ HTTP/1.1" 200 20317
[04/Jun/2026 14:00:59] "GET /editor/ HTTP/1.1" 200 84330
[04/Jun/2026 14:01:38] "GET /editor/ HTTP/1.1" 200 84330
Not Found: /favicon.ico
[04/Jun/2026 14:01:38] "GET /favicon.ico HTTP/1.1" 404 2329
[04/Jun/2026 14:01:39] "GET /api/editor/problems/ HTTP/1.1" 200 58352
[04/Jun/2026 14:01:41] "GET /api/editor/problems/TS_01.%EC%B4%88%EB%93%B1%ED%95%99%EA%B5%90_3%ED%95%99%EB%85%84_01.%EA%B0%9D%EA%B4%80%EC%8B%9D/S3_%EC%B4%88%EB%93%B1_3_008560.dsl.py/ HTTP/1.1" 200 20317
[04/Jun/2026 14:02:10] "GET /api/editor/problems/TS_01.%EC%B4%88%EB%93%B1%ED%95%99%EA%B5%90_3%ED%95%99%EB%85%84_01.%EA%B0%9D%EA%B4%80%EC%8B%9D/S3_%EC%B4%88%EB%93%B1_3_008560.dsl.py/ HTTP/1.1" 200 20317
[04/Jun/2026 14:02:41] "GET /editor/ HTTP/1.1" 200 84330
[04/Jun/2026 14:02:43] "GET /api/editor/problems/ HTTP/1.1" 200 58352
[04/Jun/2026 14:02:47] "GET /api/editor/problems/TS_01.%EC%B4%88%EB%93%B1%ED%95%99%EA%B5%90_3%ED%95%99%EB%85%84_01.%EA%B0%9D%EA%B4%80%EC%8B%9D/S3_%EC%B4%88%EB%93%B1_3_008560.dsl.py/ HTTP/1.1" 200 20317
[04/Jun/2026 14:02:53] "POST /api/editor/problems/TS_01.%EC%B4%88%EB%93%B1%ED%95%99%EA%B5%90_3%ED%95%99%EB%85%84_01.%EA%B0%9D%EA%B4%80%EC%8B%9D/S3_%EC%B4%88%EB%93%B1_3_008560.dsl.py/layout-patch-and-build/ HTTP/1.1" 200 22294
[04/Jun/2026 14:02:56] "GET /editor/ HTTP/1.1" 200 84330
[04/Jun/2026 14:02:57] "GET /api/editor/problems/ HTTP/1.1" 200 58352
[04/Jun/2026 14:03:02] "GET /api/editor/problems/TS_01.%EC%B4%88%EB%93%B1%ED%95%99%EA%B5%90_3%ED%95%99%EB%85%84_01.%EA%B0%9D%EA%B4%80%EC%8B%9D/S3_%EC%B4%88%EB%93%B1_3_008560.dsl.py/ HTTP/1.1" 200 21620
[04/Jun/2026 14:04:43] "GET /editor/ HTTP/1.1" 200 84330
[04/Jun/2026 14:04:44] "GET /api/editor/problems/ HTTP/1.1" 200 58352
[04/Jun/2026 14:04:50] "GET /api/editor/problems/TS_01.%EC%B4%88%EB%93%B1%ED%95%99%EA%B5%90_3%ED%95%99%EB%85%84_01.%EA%B0%9D%EA%B4%80%EC%8B%9D/S3_%EC%B4%88%EB%93%B1_3_008560.dsl.py/ HTTP/1.1" 200 21230
[04/Jun/2026 14:05:20] "POST /api/editor/problems/TS_01.%EC%B4%88%EB%93%B1%ED%95%99%EA%B5%90_3%ED%95%99%EB%85%84_01.%EA%B0%9D%EA%B4%80%EC%8B%9D/S3_%EC%B4%88%EB%93%B1_3_008560.dsl.py/dsl/ HTTP/1.1" 200 128
[04/Jun/2026 14:05:21] "POST /api/editor/problems/TS_01.%EC%B4%88%EB%93%B1%ED%95%99%EA%B5%90_3%ED%95%99%EB%85%84_01.%EA%B0%9D%EA%B4%80%EC%8B%9D/S3_%EC%B4%88%EB%93%B1_3_008560.dsl.py/build/ HTTP/1.1" 200 12412
[04/Jun/2026 14:05:22] "GET /api/editor/problems/ HTTP/1.1" 200 58352
[04/Jun/2026 14:08:24] "GET / HTTP/1.1" 302 0
[04/Jun/2026 14:08:24] "GET /editor/ HTTP/1.1" 200 84330
[04/Jun/2026 14:08:25] "GET /api/editor/problems/ HTTP/1.1" 200 58352
[04/Jun/2026 14:08:30] "GET /api/editor/problems/TS_01.%EC%B4%88%EB%93%B1%ED%95%99%EA%B5%90_3%ED%95%99%EB%85%84_01.%EA%B0%9D%EA%B4%80%EC%8B%9D/S3_%EC%B4%88%EB%93%B1_3_008561.dsl.py/ HTTP/1.1" 200 30922
[04/Jun/2026 14:08:45] "POST /api/editor/problems/TS_01.%EC%B4%88%EB%93%B1%ED%95%99%EA%B5%90_3%ED%95%99%EB%85%84_01.%EA%B0%9D%EA%B4%80%EC%8B%9D/S3_%EC%B4%88%EB%93%B1_3_008561.dsl.py/layout-patch-and-build/ HTTP/1.1" 200 31878
[04/Jun/2026 14:08:49] "POST /api/editor/problems/TS_01.%EC%B4%88%EB%93%B1%ED%95%99%EA%B5%90_3%ED%95%99%EB%85%84_01.%EA%B0%9D%EA%B4%80%EC%8B%9D/S3_%EC%B4%88%EB%93%B1_3_008561.dsl.py/layout-patch-and-build/ HTTP/1.1" 200 30218
[04/Jun/2026 14:08:56] "POST /api/editor/problems/TS_01.%EC%B4%88%EB%93%B1%ED%95%99%EA%B5%90_3%ED%95%99%EB%85%84_01.%EA%B0%9D%EA%B4%80%EC%8B%9D/S3_%EC%B4%88%EB%93%B1_3_008561.dsl.py/layout-patch-and-build/ HTTP/1.1" 200 30218
[04/Jun/2026 14:09:05] "POST /api/editor/problems/TS_01.%EC%B4%88%EB%93%B1%ED%95%99%EA%B5%90_3%ED%95%99%EB%85%84_01.%EA%B0%9D%EA%B4%80%EC%8B%9D/S3_%EC%B4%88%EB%93%B1_3_008561.dsl.py/layout-patch-and-build/ HTTP/1.1" 200 30221
[04/Jun/2026 14:09:08] "POST /api/editor/problems/TS_01.%EC%B4%88%EB%93%B1%ED%95%99%EA%B5%90_3%ED%95%99%EB%85%84_01.%EA%B0%9D%EA%B4%80%EC%8B%9D/S3_%EC%B4%88%EB%93%B1_3_008561.dsl.py/layout-patch-and-build/ HTTP/1.1" 200 30219
[04/Jun/2026 14:09:11] "POST /api/editor/problems/TS_01.%EC%B4%88%EB%93%B1%ED%95%99%EA%B5%90_3%ED%95%99%EB%85%84_01.%EA%B0%9D%EA%B4%80%EC%8B%9D/S3_%EC%B4%88%EB%93%B1_3_008561.dsl.py/layout-patch-and-build/ HTTP/1.1" 200 30219
[04/Jun/2026 14:09:22] "POST /api/editor/problems/TS_01.%EC%B4%88%EB%93%B1%ED%95%99%EA%B5%90_3%ED%95%99%EB%85%84_01.%EA%B0%9D%EA%B4%80%EC%8B%9D/S3_%EC%B4%88%EB%93%B1_3_008561.dsl.py/layout-patch-and-build/ HTTP/1.1" 200 30221
[04/Jun/2026 14:09:26] "POST /api/editor/problems/TS_01.%EC%B4%88%EB%93%B1%ED%95%99%EA%B5%90_3%ED%95%99%EB%85%84_01.%EA%B0%9D%EA%B4%80%EC%8B%9D/S3_%EC%B4%88%EB%93%B1_3_008561.dsl.py/layout-patch-and-build/ HTTP/1.1" 200 30221
[04/Jun/2026 14:09:30] "POST /api/editor/problems/TS_01.%EC%B4%88%EB%93%B1%ED%95%99%EA%B5%90_3%ED%95%99%EB%85%84_01.%EA%B0%9D%EA%B4%80%EC%8B%9D/S3_%EC%B4%88%EB%93%B1_3_008561.dsl.py/dsl/ HTTP/1.1" 200 128
[04/Jun/2026 14:09:32] "POST /api/editor/problems/TS_01.%EC%B4%88%EB%93%B1%ED%95%99%EA%B5%90_3%ED%95%99%EB%85%84_01.%EA%B0%9D%EA%B4%80%EC%8B%9D/S3_%EC%B4%88%EB%93%B1_3_008561.dsl.py/build/ HTTP/1.1" 200 18501
[04/Jun/2026 14:09:33] "GET /api/editor/problems/ HTTP/1.1" 200 58352
[04/Jun/2026 14:10:46] "GET /api/editor/problems/TS_01.%EC%B4%88%EB%93%B1%ED%95%99%EA%B5%90_3%ED%95%99%EB%85%84_01.%EA%B0%9D%EA%B4%80%EC%8B%9D/S3_%EC%B4%88%EB%93%B1_3_008561.dsl.py/ HTTP/1.1" 200 29640
[04/Jun/2026 14:10:52] "GET /api/editor/problems/TS_01.%EC%B4%88%EB%93%B1%ED%95%99%EA%B5%90_3%ED%95%99%EB%85%84_01.%EA%B0%9D%EA%B4%80%EC%8B%9D/S3_%EC%B4%88%EB%93%B1_3_008562.dsl.py/ HTTP/1.1" 200 15285
[04/Jun/2026 14:10:53] "GET /api/editor/problems/TS_01.%EC%B4%88%EB%93%B1%ED%95%99%EA%B5%90_3%ED%95%99%EB%85%84_01.%EA%B0%9D%EA%B4%80%EC%8B%9D/S3_%EC%B4%88%EB%93%B1_3_008561.dsl.py/ HTTP/1.1" 200 29640
[04/Jun/2026 14:11:04] "POST /api/editor/problems/TS_01.%EC%B4%88%EB%93%B1%ED%95%99%EA%B5%90_3%ED%95%99%EB%85%84_01.%EA%B0%9D%EA%B4%80%EC%8B%9D/S3_%EC%B4%88%EB%93%B1_3_008561.dsl.py/layout-patch-and-build/ HTTP/1.1" 200 30213
[04/Jun/2026 14:11:15] "POST /api/editor/problems/TS_01.%EC%B4%88%EB%93%B1%ED%95%99%EA%B5%90_3%ED%95%99%EB%85%84_01.%EA%B0%9D%EA%B4%80%EC%8B%9D/S3_%EC%B4%88%EB%93%B1_3_008561.dsl.py/layout-patch-and-build/ HTTP/1.1" 200 30221
[04/Jun/2026 14:11:20] "POST /api/editor/problems/TS_01.%EC%B4%88%EB%93%B1%ED%95%99%EA%B5%90_3%ED%95%99%EB%85%84_01.%EA%B0%9D%EA%B4%80%EC%8B%9D/S3_%EC%B4%88%EB%93%B1_3_008561.dsl.py/layout-patch-and-build/ HTTP/1.1" 200 30221
[04/Jun/2026 14:11:23] "POST /api/editor/problems/TS_01.%EC%B4%88%EB%93%B1%ED%95%99%EA%B5%90_3%ED%95%99%EB%85%84_01.%EA%B0%9D%EA%B4%80%EC%8B%9D/S3_%EC%B4%88%EB%93%B1_3_008561.dsl.py/layout-patch-and-build/ HTTP/1.1" 200 30221
[04/Jun/2026 14:11:30] "POST /api/editor/problems/TS_01.%EC%B4%88%EB%93%B1%ED%95%99%EA%B5%90_3%ED%95%99%EB%85%84_01.%EA%B0%9D%EA%B4%80%EC%8B%9D/S3_%EC%B4%88%EB%93%B1_3_008561.dsl.py/layout-patch-and-build/ HTTP/1.1" 200 30221
[04/Jun/2026 14:11:34] "POST /api/editor/problems/TS_01.%EC%B4%88%EB%93%B1%ED%95%99%EA%B5%90_3%ED%95%99%EB%85%84_01.%EA%B0%9D%EA%B4%80%EC%8B%9D/S3_%EC%B4%88%EB%93%B1_3_008561.dsl.py/layout-patch-and-build/ HTTP/1.1" 200 30221
[04/Jun/2026 14:11:37] "POST /api/editor/problems/TS_01.%EC%B4%88%EB%93%B1%ED%95%99%EA%B5%90_3%ED%95%99%EB%85%84_01.%EA%B0%9D%EA%B4%80%EC%8B%9D/S3_%EC%B4%88%EB%93%B1_3_008561.dsl.py/layout-patch-and-build/ HTTP/1.1" 200 30221
[04/Jun/2026 14:11:40] "POST /api/editor/problems/TS_01.%EC%B4%88%EB%93%B1%ED%95%99%EA%B5%90_3%ED%95%99%EB%85%84_01.%EA%B0%9D%EA%B4%80%EC%8B%9D/S3_%EC%B4%88%EB%93%B1_3_008561.dsl.py/layout-patch-and-build/ HTTP/1.1" 200 30221
[04/Jun/2026 14:12:12] "POST /api/editor/problems/TS_01.%EC%B4%88%EB%93%B1%ED%95%99%EA%B5%90_3%ED%95%99%EB%85%84_01.%EA%B0%9D%EA%B4%80%EC%8B%9D/S3_%EC%B4%88%EB%93%B1_3_008561.dsl.py/dsl/ HTTP/1.1" 200 128
[04/Jun/2026 14:12:14] "POST /api/editor/problems/TS_01.%EC%B4%88%EB%93%B1%ED%95%99%EA%B5%90_3%ED%95%99%EB%85%84_01.%EA%B0%9D%EA%B4%80%EC%8B%9D/S3_%EC%B4%88%EB%93%B1_3_008561.dsl.py/build/ HTTP/1.1" 200 18501
[04/Jun/2026 14:12:15] "GET /api/editor/problems/ HTTP/1.1" 200 58352
[04/Jun/2026 14:12:27] "POST /api/editor/problems/TS_01.%EC%B4%88%EB%93%B1%ED%95%99%EA%B5%90_3%ED%95%99%EB%85%84_01.%EA%B0%9D%EA%B4%80%EC%8B%9D/S3_%EC%B4%88%EB%93%B1_3_008561.dsl.py/layout-patch-and-build/ HTTP/1.1" 200 30221
[04/Jun/2026 14:12:32] "POST /api/editor/problems/TS_01.%EC%B4%88%EB%93%B1%ED%95%99%EA%B5%90_3%ED%95%99%EB%85%84_01.%EA%B0%9D%EA%B4%80%EC%8B%9D/S3_%EC%B4%88%EB%93%B1_3_008561.dsl.py/dsl/ HTTP/1.1" 200 128
[04/Jun/2026 14:12:34] "POST /api/editor/problems/TS_01.%EC%B4%88%EB%93%B1%ED%95%99%EA%B5%90_3%ED%95%99%EB%85%84_01.%EA%B0%9D%EA%B4%80%EC%8B%9D/S3_%EC%B4%88%EB%93%B1_3_008561.dsl.py/build/ HTTP/1.1" 200 18501
[04/Jun/2026 14:12:35] "GET /api/editor/problems/ HTTP/1.1" 200 58352
[04/Jun/2026 14:12:47] "GET /api/editor/problems/TS_01.%EC%B4%88%EB%93%B1%ED%95%99%EA%B5%90_3%ED%95%99%EB%85%84_01.%EA%B0%9D%EA%B4%80%EC%8B%9D/S3_%EC%B4%88%EB%93%B1_3_008560.dsl.py/ HTTP/1.1" 200 21185
[04/Jun/2026 14:12:54] "POST /api/editor/problems/TS_01.%EC%B4%88%EB%93%B1%ED%95%99%EA%B5%90_3%ED%95%99%EB%85%84_01.%EA%B0%9D%EA%B4%80%EC%8B%9D/S3_%EC%B4%88%EB%93%B1_3_008560.dsl.py/layout-patch-and-build/ HTTP/1.1" 200 21715
[04/Jun/2026 14:12:58] "POST /api/editor/problems/TS_01.%EC%B4%88%EB%93%B1%ED%95%99%EA%B5%90_3%ED%95%99%EB%85%84_01.%EA%B0%9D%EA%B4%80%EC%8B%9D/S3_%EC%B4%88%EB%93%B1_3_008560.dsl.py/layout-patch-and-build/ HTTP/1.1" 200 21663
[04/Jun/2026 14:13:00] "POST /api/editor/problems/TS_01.%EC%B4%88%EB%93%B1%ED%95%99%EA%B5%90_3%ED%95%99%EB%85%84_01.%EA%B0%9D%EA%B4%80%EC%8B%9D/S3_%EC%B4%88%EB%93%B1_3_008560.dsl.py/layout-patch-and-build/ HTTP/1.1" 200 21612
[04/Jun/2026 14:13:06] "POST /api/editor/problems/TS_01.%EC%B4%88%EB%93%B1%ED%95%99%EA%B5%90_3%ED%95%99%EB%85%84_01.%EA%B0%9D%EA%B4%80%EC%8B%9D/S3_%EC%B4%88%EB%93%B1_3_008560.dsl.py/layout-patch-and-build/ HTTP/1.1" 200 21560
[04/Jun/2026 14:13:10] "POST /api/editor/problems/TS_01.%EC%B4%88%EB%93%B1%ED%95%99%EA%B5%90_3%ED%95%99%EB%85%84_01.%EA%B0%9D%EA%B4%80%EC%8B%9D/S3_%EC%B4%88%EB%93%B1_3_008560.dsl.py/dsl/ HTTP/1.1" 200 128
[04/Jun/2026 14:13:11] "POST /api/editor/problems/TS_01.%EC%B4%88%EB%93%B1%ED%95%99%EA%B5%90_3%ED%95%99%EB%85%84_01.%EA%B0%9D%EA%B4%80%EC%8B%9D/S3_%EC%B4%88%EB%93%B1_3_008560.dsl.py/build/ HTTP/1.1" 200 12406
[04/Jun/2026 14:13:12] "GET /api/editor/problems/ HTTP/1.1" 200 58352
[04/Jun/2026 14:13:30] "GET /api/editor/problems/TS_01.%EC%B4%88%EB%93%B1%ED%95%99%EA%B5%90_3%ED%95%99%EB%85%84_01.%EA%B0%9D%EA%B4%80%EC%8B%9D/S3_%EC%B4%88%EB%93%B1_3_008562.dsl.py/ HTTP/1.1" 200 15285
[04/Jun/2026 14:13:36] "POST /api/editor/problems/TS_01.%EC%B4%88%EB%93%B1%ED%95%99%EA%B5%90_3%ED%95%99%EB%85%84_01.%EA%B0%9D%EA%B4%80%EC%8B%9D/S3_%EC%B4%88%EB%93%B1_3_008562.dsl.py/layout-patch-and-build/ HTTP/1.1" 200 15795
[04/Jun/2026 14:13:40] "POST /api/editor/problems/TS_01.%EC%B4%88%EB%93%B1%ED%95%99%EA%B5%90_3%ED%95%99%EB%85%84_01.%EA%B0%9D%EA%B4%80%EC%8B%9D/S3_%EC%B4%88%EB%93%B1_3_008562.dsl.py/layout-patch-and-build/ HTTP/1.1" 200 15727
[04/Jun/2026 14:13:43] "POST /api/editor/problems/TS_01.%EC%B4%88%EB%93%B1%ED%95%99%EA%B5%90_3%ED%95%99%EB%85%84_01.%EA%B0%9D%EA%B4%80%EC%8B%9D/S3_%EC%B4%88%EB%93%B1_3_008562.dsl.py/layout-patch-and-build/ HTTP/1.1" 200 15663
[04/Jun/2026 14:13:48] "POST /api/editor/problems/TS_01.%EC%B4%88%EB%93%B1%ED%95%99%EA%B5%90_3%ED%95%99%EB%85%84_01.%EA%B0%9D%EA%B4%80%EC%8B%9D/S3_%EC%B4%88%EB%93%B1_3_008562.dsl.py/layout-patch-and-build/ HTTP/1.1" 200 15667
[04/Jun/2026 14:13:53] "POST /api/editor/problems/TS_01.%EC%B4%88%EB%93%B1%ED%95%99%EA%B5%90_3%ED%95%99%EB%85%84_01.%EA%B0%9D%EA%B4%80%EC%8B%9D/S3_%EC%B4%88%EB%93%B1_3_008562.dsl.py/layout-patch-and-build/ HTTP/1.1" 200 15667
[04/Jun/2026 14:13:56] "POST /api/editor/problems/TS_01.%EC%B4%88%EB%93%B1%ED%95%99%EA%B5%90_3%ED%95%99%EB%85%84_01.%EA%B0%9D%EA%B4%80%EC%8B%9D/S3_%EC%B4%88%EB%93%B1_3_008562.dsl.py/layout-patch-and-build/ HTTP/1.1" 200 15663
[04/Jun/2026 14:14:01] "POST /api/editor/problems/TS_01.%EC%B4%88%EB%93%B1%ED%95%99%EA%B5%90_3%ED%95%99%EB%85%84_01.%EA%B0%9D%EA%B4%80%EC%8B%9D/S3_%EC%B4%88%EB%93%B1_3_008562.dsl.py/layout-patch-and-build/ HTTP/1.1" 200 15663
[04/Jun/2026 14:14:04] "POST /api/editor/problems/TS_01.%EC%B4%88%EB%93%B1%ED%95%99%EA%B5%90_3%ED%95%99%EB%85%84_01.%EA%B0%9D%EA%B4%80%EC%8B%9D/S3_%EC%B4%88%EB%93%B1_3_008562.dsl.py/layout-patch-and-build/ HTTP/1.1" 200 14896
[04/Jun/2026 14:14:31] "POST /api/editor/problems/TS_01.%EC%B4%88%EB%93%B1%ED%95%99%EA%B5%90_3%ED%95%99%EB%85%84_01.%EA%B0%9D%EA%B4%80%EC%8B%9D/S3_%EC%B4%88%EB%93%B1_3_008562.dsl.py/layout-patch-and-build/ HTTP/1.1" 200 14902
[04/Jun/2026 14:14:41] "POST /api/editor/problems/TS_01.%EC%B4%88%EB%93%B1%ED%95%99%EA%B5%90_3%ED%95%99%EB%85%84_01.%EA%B0%9D%EA%B4%80%EC%8B%9D/S3_%EC%B4%88%EB%93%B1_3_008562.dsl.py/layout-patch-and-build/ HTTP/1.1" 200 14902
[04/Jun/2026 14:14:42] "POST /api/editor/problems/TS_01.%EC%B4%88%EB%93%B1%ED%95%99%EA%B5%90_3%ED%95%99%EB%85%84_01.%EA%B0%9D%EA%B4%80%EC%8B%9D/S3_%EC%B4%88%EB%93%B1_3_008562.dsl.py/dsl/ HTTP/1.1" 200 128
[04/Jun/2026 14:14:44] "POST /api/editor/problems/TS_01.%EC%B4%88%EB%93%B1%ED%95%99%EA%B5%90_3%ED%95%99%EB%85%84_01.%EA%B0%9D%EA%B4%80%EC%8B%9D/S3_%EC%B4%88%EB%93%B1_3_008562.dsl.py/build/ HTTP/1.1" 200 8304
[04/Jun/2026 14:14:45] "GET /api/editor/problems/ HTTP/1.1" 200 58352
[04/Jun/2026 14:14:55] "GET /api/editor/problems/TS_01.%EC%B4%88%EB%93%B1%ED%95%99%EA%B5%90_3%ED%95%99%EB%85%84_01.%EA%B0%9D%EA%B4%80%EC%8B%9D/S3_%EC%B4%88%EB%93%B1_3_008563.dsl.py/ HTTP/1.1" 200 22512
[04/Jun/2026 14:15:05] "POST /api/editor/problems/TS_01.%EC%B4%88%EB%93%B1%ED%95%99%EA%B5%90_3%ED%95%99%EB%85%84_01.%EA%B0%9D%EA%B4%80%EC%8B%9D/S3_%EC%B4%88%EB%93%B1_3_008563.dsl.py/layout-patch-and-build/ HTTP/1.1" 200 23514
[04/Jun/2026 14:15:12] "POST /api/editor/problems/TS_01.%EC%B4%88%EB%93%B1%ED%95%99%EA%B5%90_3%ED%95%99%EB%85%84_01.%EA%B0%9D%EA%B4%80%EC%8B%9D/S3_%EC%B4%88%EB%93%B1_3_008563.dsl.py/layout-patch-and-build/ HTTP/1.1" 200 23726
[04/Jun/2026 14:15:16] "POST /api/editor/problems/TS_01.%EC%B4%88%EB%93%B1%ED%95%99%EA%B5%90_3%ED%95%99%EB%85%84_01.%EA%B0%9D%EA%B4%80%EC%8B%9D/S3_%EC%B4%88%EB%93%B1_3_008563.dsl.py/layout-patch-and-build/ HTTP/1.1" 200 23122
[04/Jun/2026 14:15:21] "POST /api/editor/problems/TS_01.%EC%B4%88%EB%93%B1%ED%95%99%EA%B5%90_3%ED%95%99%EB%85%84_01.%EA%B0%9D%EA%B4%80%EC%8B%9D/S3_%EC%B4%88%EB%93%B1_3_008563.dsl.py/layout-patch-and-build/ HTTP/1.1" 200 23120
[04/Jun/2026 14:15:24] "POST /api/editor/problems/TS_01.%EC%B4%88%EB%93%B1%ED%95%99%EA%B5%90_3%ED%95%99%EB%85%84_01.%EA%B0%9D%EA%B4%80%EC%8B%9D/S3_%EC%B4%88%EB%93%B1_3_008563.dsl.py/layout-patch-and-build/ HTTP/1.1" 200 23119
[04/Jun/2026 14:15:28] "POST /api/editor/problems/TS_01.%EC%B4%88%EB%93%B1%ED%95%99%EA%B5%90_3%ED%95%99%EB%85%84_01.%EA%B0%9D%EA%B4%80%EC%8B%9D/S3_%EC%B4%88%EB%93%B1_3_008563.dsl.py/layout-patch-and-build/ HTTP/1.1" 200 23168
[04/Jun/2026 14:15:29] "POST /api/editor/problems/TS_01.%EC%B4%88%EB%93%B1%ED%95%99%EA%B5%90_3%ED%95%99%EB%85%84_01.%EA%B0%9D%EA%B4%80%EC%8B%9D/S3_%EC%B4%88%EB%93%B1_3_008563.dsl.py/layout-patch-and-build/ HTTP/1.1" 200 23168
[04/Jun/2026 14:15:30] "POST /api/editor/problems/TS_01.%EC%B4%88%EB%93%B1%ED%95%99%EA%B5%90_3%ED%95%99%EB%85%84_01.%EA%B0%9D%EA%B4%80%EC%8B%9D/S3_%EC%B4%88%EB%93%B1_3_008563.dsl.py/layout-patch-and-build/ HTTP/1.1" 200 23168
[04/Jun/2026 14:15:30] "POST /api/editor/problems/TS_01.%EC%B4%88%EB%93%B1%ED%95%99%EA%B5%90_3%ED%95%99%EB%85%84_01.%EA%B0%9D%EA%B4%80%EC%8B%9D/S3_%EC%B4%88%EB%93%B1_3_008563.dsl.py/layout-patch-and-build/ HTTP/1.1" 200 23168
[04/Jun/2026 14:15:31] "POST /api/editor/problems/TS_01.%EC%B4%88%EB%93%B1%ED%95%99%EA%B5%90_3%ED%95%99%EB%85%84_01.%EA%B0%9D%EA%B4%80%EC%8B%9D/S3_%EC%B4%88%EB%93%B1_3_008563.dsl.py/layout-patch-and-build/ HTTP/1.1" 200 23168
[04/Jun/2026 14:15:32] "POST /api/editor/problems/TS_01.%EC%B4%88%EB%93%B1%ED%95%99%EA%B5%90_3%ED%95%99%EB%85%84_01.%EA%B0%9D%EA%B4%80%EC%8B%9D/S3_%EC%B4%88%EB%93%B1_3_008563.dsl.py/layout-patch-and-build/ HTTP/1.1" 200 23168
[04/Jun/2026 14:15:38] "POST /api/editor/problems/TS_01.%EC%B4%88%EB%93%B1%ED%95%99%EA%B5%90_3%ED%95%99%EB%85%84_01.%EA%B0%9D%EA%B4%80%EC%8B%9D/S3_%EC%B4%88%EB%93%B1_3_008563.dsl.py/layout-patch-and-build/ HTTP/1.1" 200 23170
[04/Jun/2026 14:15:38] "POST /api/editor/problems/TS_01.%EC%B4%88%EB%93%B1%ED%95%99%EA%B5%90_3%ED%95%99%EB%85%84_01.%EA%B0%9D%EA%B4%80%EC%8B%9D/S3_%EC%B4%88%EB%93%B1_3_008563.dsl.py/layout-patch-and-build/ HTTP/1.1" 200 23170
[04/Jun/2026 14:15:38] "POST /api/editor/problems/TS_01.%EC%B4%88%EB%93%B1%ED%95%99%EA%B5%90_3%ED%95%99%EB%85%84_01.%EA%B0%9D%EA%B4%80%EC%8B%9D/S3_%EC%B4%88%EB%93%B1_3_008563.dsl.py/layout-patch-and-build/ HTTP/1.1" 200 23170
[04/Jun/2026 14:15:38] "POST /api/editor/problems/TS_01.%EC%B4%88%EB%93%B1%ED%95%99%EA%B5%90_3%ED%95%99%EB%85%84_01.%EA%B0%9D%EA%B4%80%EC%8B%9D/S3_%EC%B4%88%EB%93%B1_3_008563.dsl.py/layout-patch-and-build/ HTTP/1.1" 200 23170
[04/Jun/2026 14:15:39] "POST /api/editor/problems/TS_01.%EC%B4%88%EB%93%B1%ED%95%99%EA%B5%90_3%ED%95%99%EB%85%84_01.%EA%B0%9D%EA%B4%80%EC%8B%9D/S3_%EC%B4%88%EB%93%B1_3_008563.dsl.py/layout-patch-and-build/ HTTP/1.1" 200 23170
[04/Jun/2026 14:15:39] "POST /api/editor/problems/TS_01.%EC%B4%88%EB%93%B1%ED%95%99%EA%B5%90_3%ED%95%99%EB%85%84_01.%EA%B0%9D%EA%B4%80%EC%8B%9D/S3_%EC%B4%88%EB%93%B1_3_008563.dsl.py/layout-patch-and-build/ HTTP/1.1" 200 23170
[04/Jun/2026 14:15:39] "POST /api/editor/problems/TS_01.%EC%B4%88%EB%93%B1%ED%95%99%EA%B5%90_3%ED%95%99%EB%85%84_01.%EA%B0%9D%EA%B4%80%EC%8B%9D/S3_%EC%B4%88%EB%93%B1_3_008563.dsl.py/layout-patch-and-build/ HTTP/1.1" 200 23170
[04/Jun/2026 14:15:39] "POST /api/editor/problems/TS_01.%EC%B4%88%EB%93%B1%ED%95%99%EA%B5%90_3%ED%95%99%EB%85%84_01.%EA%B0%9D%EA%B4%80%EC%8B%9D/S3_%EC%B4%88%EB%93%B1_3_008563.dsl.py/layout-patch-and-build/ HTTP/1.1" 200 23170
[04/Jun/2026 14:15:40] "POST /api/editor/problems/TS_01.%EC%B4%88%EB%93%B1%ED%95%99%EA%B5%90_3%ED%95%99%EB%85%84_01.%EA%B0%9D%EA%B4%80%EC%8B%9D/S3_%EC%B4%88%EB%93%B1_3_008563.dsl.py/layout-patch-and-build/ HTTP/1.1" 200 23170
[04/Jun/2026 14:15:41] "POST /api/editor/problems/TS_01.%EC%B4%88%EB%93%B1%ED%95%99%EA%B5%90_3%ED%95%99%EB%85%84_01.%EA%B0%9D%EA%B4%80%EC%8B%9D/S3_%EC%B4%88%EB%93%B1_3_008563.dsl.py/layout-patch-and-build/ HTTP/1.1" 200 23170
[04/Jun/2026 14:15:41] "POST /api/editor/problems/TS_01.%EC%B4%88%EB%93%B1%ED%95%99%EA%B5%90_3%ED%95%99%EB%85%84_01.%EA%B0%9D%EA%B4%80%EC%8B%9D/S3_%EC%B4%88%EB%93%B1_3_008563.dsl.py/layout-patch-and-build/ HTTP/1.1" 200 23170
[04/Jun/2026 14:15:47] "POST /api/editor/problems/TS_01.%EC%B4%88%EB%93%B1%ED%95%99%EA%B5%90_3%ED%95%99%EB%85%84_01.%EA%B0%9D%EA%B4%80%EC%8B%9D/S3_%EC%B4%88%EB%93%B1_3_008563.dsl.py/layout-patch-and-build/ HTTP/1.1" 200 24192
[04/Jun/2026 14:15:51] "POST /api/editor/problems/TS_01.%EC%B4%88%EB%93%B1%ED%95%99%EA%B5%90_3%ED%95%99%EB%85%84_01.%EA%B0%9D%EA%B4%80%EC%8B%9D/S3_%EC%B4%88%EB%93%B1_3_008563.dsl.py/layout-patch-and-build/ HTTP/1.1" 200 24192
[04/Jun/2026 14:15:51] "POST /api/editor/problems/TS_01.%EC%B4%88%EB%93%B1%ED%95%99%EA%B5%90_3%ED%95%99%EB%85%84_01.%EA%B0%9D%EA%B4%80%EC%8B%9D/S3_%EC%B4%88%EB%93%B1_3_008563.dsl.py/layout-patch-and-build/ HTTP/1.1" 200 24192
Internal Server Error: /api/editor/problems/TS_01.\ucd08\ub4f1\ud559\uad50_3\ud559\ub144_01.\uac1d\uad00\uc2dd/S3_\ucd08\ub4f1_3_008563.dsl.py/layout-patch-and-build/
[04/Jun/2026 14:15:52] "POST /api/editor/problems/TS_01.%EC%B4%88%EB%93%B1%ED%95%99%EA%B5%90_3%ED%95%99%EB%85%84_01.%EA%B0%9D%EA%B4%80%EC%8B%9D/S3_%EC%B4%88%EB%93%B1_3_008563.dsl.py/layout-patch-and-build/ HTTP/1.1" 500 67
[04/Jun/2026 14:15:53] "POST /api/editor/problems/TS_01.%EC%B4%88%EB%93%B1%ED%95%99%EA%B5%90_3%ED%95%99%EB%85%84_01.%EA%B0%9D%EA%B4%80%EC%8B%9D/S3_%EC%B4%88%EB%93%B1_3_008563.dsl.py/layout-patch-and-build/ HTTP/1.1" 200 24192
[04/Jun/2026 14:15:53] "POST /api/editor/problems/TS_01.%EC%B4%88%EB%93%B1%ED%95%99%EA%B5%90_3%ED%95%99%EB%85%84_01.%EA%B0%9D%EA%B4%80%EC%8B%9D/S3_%EC%B4%88%EB%93%B1_3_008563.dsl.py/layout-patch-and-build/ HTTP/1.1" 200 24192
[04/Jun/2026 14:15:53] "POST /api/editor/problems/TS_01.%EC%B4%88%EB%93%B1%ED%95%99%EA%B5%90_3%ED%95%99%EB%85%84_01.%EA%B0%9D%EA%B4%80%EC%8B%9D/S3_%EC%B4%88%EB%93%B1_3_008563.dsl.py/layout-patch-and-build/ HTTP/1.1" 200 24192
[04/Jun/2026 14:16:00] "POST /api/editor/problems/TS_01.%EC%B4%88%EB%93%B1%ED%95%99%EA%B5%90_3%ED%95%99%EB%85%84_01.%EA%B0%9D%EA%B4%80%EC%8B%9D/S3_%EC%B4%88%EB%93%B1_3_008563.dsl.py/layout-patch-and-build/ HTTP/1.1" 200 23099
[04/Jun/2026 14:16:02] "POST /api/editor/problems/TS_01.%EC%B4%88%EB%93%B1%ED%95%99%EA%B5%90_3%ED%95%99%EB%85%84_01.%EA%B0%9D%EA%B4%80%EC%8B%9D/S3_%EC%B4%88%EB%93%B1_3_008563.dsl.py/layout-patch-and-build/ HTTP/1.1" 200 22387
[04/Jun/2026 14:16:04] "POST /api/editor/problems/TS_01.%EC%B4%88%EB%93%B1%ED%95%99%EA%B5%90_3%ED%95%99%EB%85%84_01.%EA%B0%9D%EA%B4%80%EC%8B%9D/S3_%EC%B4%88%EB%93%B1_3_008563.dsl.py/layout-patch-and-build/ HTTP/1.1" 200 21677
[04/Jun/2026 14:16:08] "POST /api/editor/problems/TS_01.%EC%B4%88%EB%93%B1%ED%95%99%EA%B5%90_3%ED%95%99%EB%85%84_01.%EA%B0%9D%EA%B4%80%EC%8B%9D/S3_%EC%B4%88%EB%93%B1_3_008563.dsl.py/layout-patch-and-build/ HTTP/1.1" 200 21005
[04/Jun/2026 14:16:13] "POST /api/editor/problems/TS_01.%EC%B4%88%EB%93%B1%ED%95%99%EA%B5%90_3%ED%95%99%EB%85%84_01.%EA%B0%9D%EA%B4%80%EC%8B%9D/S3_%EC%B4%88%EB%93%B1_3_008563.dsl.py/layout-patch-and-build/ HTTP/1.1" 200 21032
[04/Jun/2026 14:16:16] "POST /api/editor/problems/TS_01.%EC%B4%88%EB%93%B1%ED%95%99%EA%B5%90_3%ED%95%99%EB%85%84_01.%EA%B0%9D%EA%B4%80%EC%8B%9D/S3_%EC%B4%88%EB%93%B1_3_008563.dsl.py/layout-patch-and-build/ HTTP/1.1" 200 21028
[04/Jun/2026 14:16:18] "POST /api/editor/problems/TS_01.%EC%B4%88%EB%93%B1%ED%95%99%EA%B5%90_3%ED%95%99%EB%85%84_01.%EA%B0%9D%EA%B4%80%EC%8B%9D/S3_%EC%B4%88%EB%93%B1_3_008563.dsl.py/layout-patch-and-build/ HTTP/1.1" 200 20243
[04/Jun/2026 14:16:21] "POST /api/editor/problems/TS_01.%EC%B4%88%EB%93%B1%ED%95%99%EA%B5%90_3%ED%95%99%EB%85%84_01.%EA%B0%9D%EA%B4%80%EC%8B%9D/S3_%EC%B4%88%EB%93%B1_3_008563.dsl.py/layout-patch-and-build/ HTTP/1.1" 200 19572
[04/Jun/2026 14:16:24] "POST /api/editor/problems/TS_01.%EC%B4%88%EB%93%B1%ED%95%99%EA%B5%90_3%ED%95%99%EB%85%84_01.%EA%B0%9D%EA%B4%80%EC%8B%9D/S3_%EC%B4%88%EB%93%B1_3_008563.dsl.py/layout-patch-and-build/ HTTP/1.1" 200 19601
[04/Jun/2026 14:16:25] "POST /api/editor/problems/TS_01.%EC%B4%88%EB%93%B1%ED%95%99%EA%B5%90_3%ED%95%99%EB%85%84_01.%EA%B0%9D%EA%B4%80%EC%8B%9D/S3_%EC%B4%88%EB%93%B1_3_008563.dsl.py/layout-patch-and-build/ HTTP/1.1" 200 19601
[04/Jun/2026 14:16:27] "POST /api/editor/problems/TS_01.%EC%B4%88%EB%93%B1%ED%95%99%EA%B5%90_3%ED%95%99%EB%85%84_01.%EA%B0%9D%EA%B4%80%EC%8B%9D/S3_%EC%B4%88%EB%93%B1_3_008563.dsl.py/layout-patch-and-build/ HTTP/1.1" 200 19601
[04/Jun/2026 14:16:29] "POST /api/editor/problems/TS_01.%EC%B4%88%EB%93%B1%ED%95%99%EA%B5%90_3%ED%95%99%EB%85%84_01.%EA%B0%9D%EA%B4%80%EC%8B%9D/S3_%EC%B4%88%EB%93%B1_3_008563.dsl.py/layout-patch-and-build/ HTTP/1.1" 200 19603
[04/Jun/2026 14:16:31] "POST /api/editor/problems/TS_01.%EC%B4%88%EB%93%B1%ED%95%99%EA%B5%90_3%ED%95%99%EB%85%84_01.%EA%B0%9D%EA%B4%80%EC%8B%9D/S3_%EC%B4%88%EB%93%B1_3_008563.dsl.py/layout-patch-and-build/ HTTP/1.1" 200 19604
[04/Jun/2026 14:16:34] "POST /api/editor/problems/TS_01.%EC%B4%88%EB%93%B1%ED%95%99%EA%B5%90_3%ED%95%99%EB%85%84_01.%EA%B0%9D%EA%B4%80%EC%8B%9D/S3_%EC%B4%88%EB%93%B1_3_008563.dsl.py/layout-patch-and-build/ HTTP/1.1" 200 19606
[04/Jun/2026 14:16:37] "POST /api/editor/problems/TS_01.%EC%B4%88%EB%93%B1%ED%95%99%EA%B5%90_3%ED%95%99%EB%85%84_01.%EA%B0%9D%EA%B4%80%EC%8B%9D/S3_%EC%B4%88%EB%93%B1_3_008563.dsl.py/layout-patch-and-build/ HTTP/1.1" 200 17569
[04/Jun/2026 14:16:41] "POST /api/editor/problems/TS_01.%EC%B4%88%EB%93%B1%ED%95%99%EA%B5%90_3%ED%95%99%EB%85%84_01.%EA%B0%9D%EA%B4%80%EC%8B%9D/S3_%EC%B4%88%EB%93%B1_3_008563.dsl.py/layout-patch-and-build/ HTTP/1.1" 200 17474
[04/Jun/2026 14:16:46] "POST /api/editor/problems/TS_01.%EC%B4%88%EB%93%B1%ED%95%99%EA%B5%90_3%ED%95%99%EB%85%84_01.%EA%B0%9D%EA%B4%80%EC%8B%9D/S3_%EC%B4%88%EB%93%B1_3_008563.dsl.py/layout-patch-and-build/ HTTP/1.1" 200 17476
[04/Jun/2026 14:16:49] "POST /api/editor/problems/TS_01.%EC%B4%88%EB%93%B1%ED%95%99%EA%B5%90_3%ED%95%99%EB%85%84_01.%EA%B0%9D%EA%B4%80%EC%8B%9D/S3_%EC%B4%88%EB%93%B1_3_008563.dsl.py/layout-patch-and-build/ HTTP/1.1" 200 17475
[04/Jun/2026 14:16:52] "POST /api/editor/problems/TS_01.%EC%B4%88%EB%93%B1%ED%95%99%EA%B5%90_3%ED%95%99%EB%85%84_01.%EA%B0%9D%EA%B4%80%EC%8B%9D/S3_%EC%B4%88%EB%93%B1_3_008563.dsl.py/layout-patch-and-build/ HTTP/1.1" 200 17568
[04/Jun/2026 14:16:56] "POST /api/editor/problems/TS_01.%EC%B4%88%EB%93%B1%ED%95%99%EA%B5%90_3%ED%95%99%EB%85%84_01.%EA%B0%9D%EA%B4%80%EC%8B%9D/S3_%EC%B4%88%EB%93%B1_3_008563.dsl.py/layout-patch-and-build/ HTTP/1.1" 200 17568
[04/Jun/2026 14:17:02] "POST /api/editor/problems/TS_01.%EC%B4%88%EB%93%B1%ED%95%99%EA%B5%90_3%ED%95%99%EB%85%84_01.%EA%B0%9D%EA%B4%80%EC%8B%9D/S3_%EC%B4%88%EB%93%B1_3_008563.dsl.py/layout-patch-and-build/ HTTP/1.1" 200 17530
[04/Jun/2026 14:17:02] "POST /api/editor/problems/TS_01.%EC%B4%88%EB%93%B1%ED%95%99%EA%B5%90_3%ED%95%99%EB%85%84_01.%EA%B0%9D%EA%B4%80%EC%8B%9D/S3_%EC%B4%88%EB%93%B1_3_008563.dsl.py/layout-patch-and-build/ HTTP/1.1" 200 17530
[04/Jun/2026 14:17:02] "POST /api/editor/problems/TS_01.%EC%B4%88%EB%93%B1%ED%95%99%EA%B5%90_3%ED%95%99%EB%85%84_01.%EA%B0%9D%EA%B4%80%EC%8B%9D/S3_%EC%B4%88%EB%93%B1_3_008563.dsl.py/layout-patch-and-build/ HTTP/1.1" 200 17530
[04/Jun/2026 14:17:03] "POST /api/editor/problems/TS_01.%EC%B4%88%EB%93%B1%ED%95%99%EA%B5%90_3%ED%95%99%EB%85%84_01.%EA%B0%9D%EA%B4%80%EC%8B%9D/S3_%EC%B4%88%EB%93%B1_3_008563.dsl.py/layout-patch-and-build/ HTTP/1.1" 200 17530
[04/Jun/2026 14:17:03] "POST /api/editor/problems/TS_01.%EC%B4%88%EB%93%B1%ED%95%99%EA%B5%90_3%ED%95%99%EB%85%84_01.%EA%B0%9D%EA%B4%80%EC%8B%9D/S3_%EC%B4%88%EB%93%B1_3_008563.dsl.py/layout-patch-and-build/ HTTP/1.1" 200 17530
[04/Jun/2026 14:17:03] "POST /api/editor/problems/TS_01.%EC%B4%88%EB%93%B1%ED%95%99%EA%B5%90_3%ED%95%99%EB%85%84_01.%EA%B0%9D%EA%B4%80%EC%8B%9D/S3_%EC%B4%88%EB%93%B1_3_008563.dsl.py/layout-patch-and-build/ HTTP/1.1" 200 17530
[04/Jun/2026 14:17:03] "POST /api/editor/problems/TS_01.%EC%B4%88%EB%93%B1%ED%95%99%EA%B5%90_3%ED%95%99%EB%85%84_01.%EA%B0%9D%EA%B4%80%EC%8B%9D/S3_%EC%B4%88%EB%93%B1_3_008563.dsl.py/layout-patch-and-build/ HTTP/1.1" 200 17530
[04/Jun/2026 14:17:09] "POST /api/editor/problems/TS_01.%EC%B4%88%EB%93%B1%ED%95%99%EA%B5%90_3%ED%95%99%EB%85%84_01.%EA%B0%9D%EA%B4%80%EC%8B%9D/S3_%EC%B4%88%EB%93%B1_3_008563.dsl.py/layout-patch-and-build/ HTTP/1.1" 200 18104
[04/Jun/2026 14:17:10] "POST /api/editor/problems/TS_01.%EC%B4%88%EB%93%B1%ED%95%99%EA%B5%90_3%ED%95%99%EB%85%84_01.%EA%B0%9D%EA%B4%80%EC%8B%9D/S3_%EC%B4%88%EB%93%B1_3_008563.dsl.py/dsl/ HTTP/1.1" 200 128
[04/Jun/2026 14:17:12] "POST /api/editor/problems/TS_01.%EC%B4%88%EB%93%B1%ED%95%99%EA%B5%90_3%ED%95%99%EB%85%84_01.%EA%B0%9D%EA%B4%80%EC%8B%9D/S3_%EC%B4%88%EB%93%B1_3_008563.dsl.py/build/ HTTP/1.1" 200 10834
[04/Jun/2026 14:17:13] "GET /api/editor/problems/ HTTP/1.1" 200 58352
[04/Jun/2026 14:17:25] "POST /api/editor/problems/TS_01.%EC%B4%88%EB%93%B1%ED%95%99%EA%B5%90_3%ED%95%99%EB%85%84_01.%EA%B0%9D%EA%B4%80%EC%8B%9D/S3_%EC%B4%88%EB%93%B1_3_008563.dsl.py/layout-patch-and-build/ HTTP/1.1" 200 17410
[04/Jun/2026 14:25:11] "GET / HTTP/1.1" 302 0
[04/Jun/2026 14:25:11] "GET /editor/ HTTP/1.1" 200 84330
[04/Jun/2026 14:25:12] "GET /api/editor/problems/ HTTP/1.1" 200 58055
[04/Jun/2026 14:26:19] "GET /editor/ HTTP/1.1" 200 84330
[04/Jun/2026 14:26:19] "GET /api/editor/problems/ HTTP/1.1" 200 58442
[04/Jun/2026 14:26:24] "GET /api/editor/problems/TS_01.%EC%B4%88%EB%93%B1%ED%95%99%EA%B5%90_3%ED%95%99%EB%85%84_01.%EA%B0%9D%EA%B4%80%EC%8B%9D/complete/S3_%EC%B4%88%EB%93%B1_3_008559.dsl.py/ HTTP/1.1" 200 23450
[04/Jun/2026 14:26:35] "POST /api/editor/problems/TS_01.%EC%B4%88%EB%93%B1%ED%95%99%EA%B5%90_3%ED%95%99%EB%85%84_01.%EA%B0%9D%EA%B4%80%EC%8B%9D/complete/S3_%EC%B4%88%EB%93%B1_3_008559.dsl.py/layout-patch-and-build/ HTTP/1.1" 200 24031
[04/Jun/2026 14:26:43] "POST /api/editor/problems/TS_01.%EC%B4%88%EB%93%B1%ED%95%99%EA%B5%90_3%ED%95%99%EB%85%84_01.%EA%B0%9D%EA%B4%80%EC%8B%9D/complete/S3_%EC%B4%88%EB%93%B1_3_008559.dsl.py/layout-patch-and-build/ HTTP/1.1" 200 24036
[04/Jun/2026 14:26:52] "POST /api/editor/problems/TS_01.%EC%B4%88%EB%93%B1%ED%95%99%EA%B5%90_3%ED%95%99%EB%85%84_01.%EA%B0%9D%EA%B4%80%EC%8B%9D/complete/S3_%EC%B4%88%EB%93%B1_3_008559.dsl.py/dsl/ HTTP/1.1" 200 137
[04/Jun/2026 14:26:53] "POST /api/editor/problems/TS_01.%EC%B4%88%EB%93%B1%ED%95%99%EA%B5%90_3%ED%95%99%EB%85%84_01.%EA%B0%9D%EA%B4%80%EC%8B%9D/complete/S3_%EC%B4%88%EB%93%B1_3_008559.dsl.py/build/ HTTP/1.1" 200 17171
[04/Jun/2026 14:26:54] "GET /api/editor/problems/ HTTP/1.1" 200 58442
[04/Jun/2026 14:27:05] "POST /api/editor/problems/TS_01.%EC%B4%88%EB%93%B1%ED%95%99%EA%B5%90_3%ED%95%99%EB%85%84_01.%EA%B0%9D%EA%B4%80%EC%8B%9D/complete/S3_%EC%B4%88%EB%93%B1_3_008559.dsl.py/layout-patch-and-build/ HTTP/1.1" 200 23974
[04/Jun/2026 14:27:10] "POST /api/editor/problems/TS_01.%EC%B4%88%EB%93%B1%ED%95%99%EA%B5%90_3%ED%95%99%EB%85%84_01.%EA%B0%9D%EA%B4%80%EC%8B%9D/complete/S3_%EC%B4%88%EB%93%B1_3_008559.dsl.py/layout-patch-and-build/ HTTP/1.1" 200 23974
[04/Jun/2026 14:27:17] "POST /api/editor/problems/TS_01.%EC%B4%88%EB%93%B1%ED%95%99%EA%B5%90_3%ED%95%99%EB%85%84_01.%EA%B0%9D%EA%B4%80%EC%8B%9D/complete/S3_%EC%B4%88%EB%93%B1_3_008559.dsl.py/layout-patch-and-build/ HTTP/1.1" 200 23974
[04/Jun/2026 14:27:23] "POST /api/editor/problems/TS_01.%EC%B4%88%EB%93%B1%ED%95%99%EA%B5%90_3%ED%95%99%EB%85%84_01.%EA%B0%9D%EA%B4%80%EC%8B%9D/complete/S3_%EC%B4%88%EB%93%B1_3_008559.dsl.py/layout-patch-and-build/ HTTP/1.1" 200 23974
[04/Jun/2026 14:27:28] "POST /api/editor/problems/TS_01.%EC%B4%88%EB%93%B1%ED%95%99%EA%B5%90_3%ED%95%99%EB%85%84_01.%EA%B0%9D%EA%B4%80%EC%8B%9D/complete/S3_%EC%B4%88%EB%93%B1_3_008559.dsl.py/layout-patch-and-build/ HTTP/1.1" 200 23974
[04/Jun/2026 14:27:33] "POST /api/editor/problems/TS_01.%EC%B4%88%EB%93%B1%ED%95%99%EA%B5%90_3%ED%95%99%EB%85%84_01.%EA%B0%9D%EA%B4%80%EC%8B%9D/complete/S3_%EC%B4%88%EB%93%B1_3_008559.dsl.py/layout-patch-and-build/ HTTP/1.1" 200 23980
[04/Jun/2026 14:27:39] "POST /api/editor/problems/TS_01.%EC%B4%88%EB%93%B1%ED%95%99%EA%B5%90_3%ED%95%99%EB%85%84_01.%EA%B0%9D%EA%B4%80%EC%8B%9D/complete/S3_%EC%B4%88%EB%93%B1_3_008559.dsl.py/layout-patch-and-build/ HTTP/1.1" 200 23984
[04/Jun/2026 14:27:44] "POST /api/editor/problems/TS_01.%EC%B4%88%EB%93%B1%ED%95%99%EA%B5%90_3%ED%95%99%EB%85%84_01.%EA%B0%9D%EA%B4%80%EC%8B%9D/complete/S3_%EC%B4%88%EB%93%B1_3_008559.dsl.py/layout-patch-and-build/ HTTP/1.1" 200 23990
[04/Jun/2026 14:27:49] "POST /api/editor/problems/TS_01.%EC%B4%88%EB%93%B1%ED%95%99%EA%B5%90_3%ED%95%99%EB%85%84_01.%EA%B0%9D%EA%B4%80%EC%8B%9D/complete/S3_%EC%B4%88%EB%93%B1_3_008559.dsl.py/layout-patch-and-build/ HTTP/1.1" 200 23990
[04/Jun/2026 14:27:50] "POST /api/editor/problems/TS_01.%EC%B4%88%EB%93%B1%ED%95%99%EA%B5%90_3%ED%95%99%EB%85%84_01.%EA%B0%9D%EA%B4%80%EC%8B%9D/complete/S3_%EC%B4%88%EB%93%B1_3_008559.dsl.py/layout-patch-and-build/ HTTP/1.1" 200 23990
[04/Jun/2026 14:27:52] "POST /api/editor/problems/TS_01.%EC%B4%88%EB%93%B1%ED%95%99%EA%B5%90_3%ED%95%99%EB%85%84_01.%EA%B0%9D%EA%B4%80%EC%8B%9D/complete/S3_%EC%B4%88%EB%93%B1_3_008559.dsl.py/layout-patch-and-build/ HTTP/1.1" 200 23990
[04/Jun/2026 14:27:55] "POST /api/editor/problems/TS_01.%EC%B4%88%EB%93%B1%ED%95%99%EA%B5%90_3%ED%95%99%EB%85%84_01.%EA%B0%9D%EA%B4%80%EC%8B%9D/complete/S3_%EC%B4%88%EB%93%B1_3_008559.dsl.py/layout-patch-and-build/ HTTP/1.1" 200 23990
[04/Jun/2026 14:27:56] "POST /api/editor/problems/TS_01.%EC%B4%88%EB%93%B1%ED%95%99%EA%B5%90_3%ED%95%99%EB%85%84_01.%EA%B0%9D%EA%B4%80%EC%8B%9D/complete/S3_%EC%B4%88%EB%93%B1_3_008559.dsl.py/layout-patch-and-build/ HTTP/1.1" 200 23990
[04/Jun/2026 14:27:58] "POST /api/editor/problems/TS_01.%EC%B4%88%EB%93%B1%ED%95%99%EA%B5%90_3%ED%95%99%EB%85%84_01.%EA%B0%9D%EA%B4%80%EC%8B%9D/complete/S3_%EC%B4%88%EB%93%B1_3_008559.dsl.py/layout-patch-and-build/ HTTP/1.1" 200 23990
[04/Jun/2026 14:27:59] "POST /api/editor/problems/TS_01.%EC%B4%88%EB%93%B1%ED%95%99%EA%B5%90_3%ED%95%99%EB%85%84_01.%EA%B0%9D%EA%B4%80%EC%8B%9D/complete/S3_%EC%B4%88%EB%93%B1_3_008559.dsl.py/layout-patch-and-build/ HTTP/1.1" 200 23990
[04/Jun/2026 14:28:01] "POST /api/editor/problems/TS_01.%EC%B4%88%EB%93%B1%ED%95%99%EA%B5%90_3%ED%95%99%EB%85%84_01.%EA%B0%9D%EA%B4%80%EC%8B%9D/complete/S3_%EC%B4%88%EB%93%B1_3_008559.dsl.py/layout-patch-and-build/ HTTP/1.1" 200 23990
[04/Jun/2026 14:28:04] "POST /api/editor/problems/TS_01.%EC%B4%88%EB%93%B1%ED%95%99%EA%B5%90_3%ED%95%99%EB%85%84_01.%EA%B0%9D%EA%B4%80%EC%8B%9D/complete/S3_%EC%B4%88%EB%93%B1_3_008559.dsl.py/layout-patch-and-build/ HTTP/1.1" 200 23990
[04/Jun/2026 14:28:15] "POST /api/editor/problems/TS_01.%EC%B4%88%EB%93%B1%ED%95%99%EA%B5%90_3%ED%95%99%EB%85%84_01.%EA%B0%9D%EA%B4%80%EC%8B%9D/complete/S3_%EC%B4%88%EB%93%B1_3_008559.dsl.py/layout-patch-and-build/ HTTP/1.1" 200 24296
[04/Jun/2026 14:28:23] "POST /api/editor/problems/TS_01.%EC%B4%88%EB%93%B1%ED%95%99%EA%B5%90_3%ED%95%99%EB%85%84_01.%EA%B0%9D%EA%B4%80%EC%8B%9D/complete/S3_%EC%B4%88%EB%93%B1_3_008559.dsl.py/layout-patch-and-build/ HTTP/1.1" 200 24010
[04/Jun/2026 14:28:30] "POST /api/editor/problems/TS_01.%EC%B4%88%EB%93%B1%ED%95%99%EA%B5%90_3%ED%95%99%EB%85%84_01.%EA%B0%9D%EA%B4%80%EC%8B%9D/complete/S3_%EC%B4%88%EB%93%B1_3_008559.dsl.py/layout-patch-and-build/ HTTP/1.1" 200 24010
[04/Jun/2026 14:28:33] "POST /api/editor/problems/TS_01.%EC%B4%88%EB%93%B1%ED%95%99%EA%B5%90_3%ED%95%99%EB%85%84_01.%EA%B0%9D%EA%B4%80%EC%8B%9D/complete/S3_%EC%B4%88%EB%93%B1_3_008559.dsl.py/dsl/ HTTP/1.1" 200 137
[04/Jun/2026 14:28:35] "POST /api/editor/problems/TS_01.%EC%B4%88%EB%93%B1%ED%95%99%EA%B5%90_3%ED%95%99%EB%85%84_01.%EA%B0%9D%EA%B4%80%EC%8B%9D/complete/S3_%EC%B4%88%EB%93%B1_3_008559.dsl.py/build/ HTTP/1.1" 200 17168
[04/Jun/2026 14:28:36] "GET /api/editor/problems/ HTTP/1.1" 200 58442
[04/Jun/2026 14:30:50] "GET /api/editor/problems/TS_01.%EC%B4%88%EB%93%B1%ED%95%99%EA%B5%90_3%ED%95%99%EB%85%84_01.%EA%B0%9D%EA%B4%80%EC%8B%9D/S3_%EC%B4%88%EB%93%B1_3_008556.dsl.py/ HTTP/1.1" 200 19774
[04/Jun/2026 14:31:02] "POST /api/editor/problems/TS_01.%EC%B4%88%EB%93%B1%ED%95%99%EA%B5%90_3%ED%95%99%EB%85%84_01.%EA%B0%9D%EA%B4%80%EC%8B%9D/S3_%EC%B4%88%EB%93%B1_3_008556.dsl.py/layout-patch-and-build/ HTTP/1.1" 200 22615
[04/Jun/2026 14:31:05] "POST /api/editor/problems/TS_01.%EC%B4%88%EB%93%B1%ED%95%99%EA%B5%90_3%ED%95%99%EB%85%84_01.%EA%B0%9D%EA%B4%80%EC%8B%9D/S3_%EC%B4%88%EB%93%B1_3_008556.dsl.py/layout-patch-and-build/ HTTP/1.1" 200 22615
[04/Jun/2026 14:31:13] "POST /api/editor/problems/TS_01.%EC%B4%88%EB%93%B1%ED%95%99%EA%B5%90_3%ED%95%99%EB%85%84_01.%EA%B0%9D%EA%B4%80%EC%8B%9D/S3_%EC%B4%88%EB%93%B1_3_008556.dsl.py/layout-patch-and-build/ HTTP/1.1" 200 22611
[04/Jun/2026 14:31:14] "POST /api/editor/problems/TS_01.%EC%B4%88%EB%93%B1%ED%95%99%EA%B5%90_3%ED%95%99%EB%85%84_01.%EA%B0%9D%EA%B4%80%EC%8B%9D/S3_%EC%B4%88%EB%93%B1_3_008556.dsl.py/layout-patch-and-build/ HTTP/1.1" 200 22611
[04/Jun/2026 14:31:16] "POST /api/editor/problems/TS_01.%EC%B4%88%EB%93%B1%ED%95%99%EA%B5%90_3%ED%95%99%EB%85%84_01.%EA%B0%9D%EA%B4%80%EC%8B%9D/S3_%EC%B4%88%EB%93%B1_3_008556.dsl.py/layout-patch-and-build/ HTTP/1.1" 200 22613
[04/Jun/2026 14:31:20] "POST /api/editor/problems/TS_01.%EC%B4%88%EB%93%B1%ED%95%99%EA%B5%90_3%ED%95%99%EB%85%84_01.%EA%B0%9D%EA%B4%80%EC%8B%9D/S3_%EC%B4%88%EB%93%B1_3_008556.dsl.py/layout-patch-and-build/ HTTP/1.1" 200 22615
[04/Jun/2026 14:31:28] "POST /api/editor/problems/TS_01.%EC%B4%88%EB%93%B1%ED%95%99%EA%B5%90_3%ED%95%99%EB%85%84_01.%EA%B0%9D%EA%B4%80%EC%8B%9D/S3_%EC%B4%88%EB%93%B1_3_008556.dsl.py/layout-patch-and-build/ HTTP/1.1" 200 22716
[04/Jun/2026 14:31:32] "POST /api/editor/problems/TS_01.%EC%B4%88%EB%93%B1%ED%95%99%EA%B5%90_3%ED%95%99%EB%85%84_01.%EA%B0%9D%EA%B4%80%EC%8B%9D/S3_%EC%B4%88%EB%93%B1_3_008556.dsl.py/dsl/ HTTP/1.1" 200 128
[04/Jun/2026 14:31:34] "POST /api/editor/problems/TS_01.%EC%B4%88%EB%93%B1%ED%95%99%EA%B5%90_3%ED%95%99%EB%85%84_01.%EA%B0%9D%EA%B4%80%EC%8B%9D/S3_%EC%B4%88%EB%93%B1_3_008556.dsl.py/build/ HTTP/1.1" 200 16258
[04/Jun/2026 14:31:34] "GET /api/editor/problems/ HTTP/1.1" 200 58440
[04/Jun/2026 14:31:40] "GET /api/editor/problems/TS_01.%EC%B4%88%EB%93%B1%ED%95%99%EA%B5%90_3%ED%95%99%EB%85%84_01.%EA%B0%9D%EA%B4%80%EC%8B%9D/S3_%EC%B4%88%EB%93%B1_3_008557.dsl.py/ HTTP/1.1" 200 22568
[04/Jun/2026 14:31:51] "POST /api/editor/problems/TS_01.%EC%B4%88%EB%93%B1%ED%95%99%EA%B5%90_3%ED%95%99%EB%85%84_01.%EA%B0%9D%EA%B4%80%EC%8B%9D/S3_%EC%B4%88%EB%93%B1_3_008557.dsl.py/layout-patch-and-build/ HTTP/1.1" 200 23074
[04/Jun/2026 14:31:54] "POST /api/editor/problems/TS_01.%EC%B4%88%EB%93%B1%ED%95%99%EA%B5%90_3%ED%95%99%EB%85%84_01.%EA%B0%9D%EA%B4%80%EC%8B%9D/S3_%EC%B4%88%EB%93%B1_3_008557.dsl.py/layout-patch-and-build/ HTTP/1.1" 200 23074
[04/Jun/2026 14:32:01] "POST /api/editor/problems/TS_01.%EC%B4%88%EB%93%B1%ED%95%99%EA%B5%90_3%ED%95%99%EB%85%84_01.%EA%B0%9D%EA%B4%80%EC%8B%9D/S3_%EC%B4%88%EB%93%B1_3_008557.dsl.py/layout-patch-and-build/ HTTP/1.1" 200 23074
[04/Jun/2026 14:32:03] "POST /api/editor/problems/TS_01.%EC%B4%88%EB%93%B1%ED%95%99%EA%B5%90_3%ED%95%99%EB%85%84_01.%EA%B0%9D%EA%B4%80%EC%8B%9D/S3_%EC%B4%88%EB%93%B1_3_008557.dsl.py/layout-patch-and-build/ HTTP/1.1" 200 23080
[04/Jun/2026 14:32:04] "POST /api/editor/problems/TS_01.%EC%B4%88%EB%93%B1%ED%95%99%EA%B5%90_3%ED%95%99%EB%85%84_01.%EA%B0%9D%EA%B4%80%EC%8B%9D/S3_%EC%B4%88%EB%93%B1_3_008557.dsl.py/layout-patch-and-build/ HTTP/1.1" 200 23080
[04/Jun/2026 14:32:07] "POST /api/editor/problems/TS_01.%EC%B4%88%EB%93%B1%ED%95%99%EA%B5%90_3%ED%95%99%EB%85%84_01.%EA%B0%9D%EA%B4%80%EC%8B%9D/S3_%EC%B4%88%EB%93%B1_3_008557.dsl.py/layout-patch-and-build/ HTTP/1.1" 200 23080
[04/Jun/2026 14:32:11] "POST /api/editor/problems/TS_01.%EC%B4%88%EB%93%B1%ED%95%99%EA%B5%90_3%ED%95%99%EB%85%84_01.%EA%B0%9D%EA%B4%80%EC%8B%9D/S3_%EC%B4%88%EB%93%B1_3_008557.dsl.py/layout-patch-and-build/ HTTP/1.1" 200 23085
[04/Jun/2026 14:32:16] "POST /api/editor/problems/TS_01.%EC%B4%88%EB%93%B1%ED%95%99%EA%B5%90_3%ED%95%99%EB%85%84_01.%EA%B0%9D%EA%B4%80%EC%8B%9D/S3_%EC%B4%88%EB%93%B1_3_008557.dsl.py/layout-patch-and-build/ HTTP/1.1" 200 23186
[04/Jun/2026 14:32:20] "POST /api/editor/problems/TS_01.%EC%B4%88%EB%93%B1%ED%95%99%EA%B5%90_3%ED%95%99%EB%85%84_01.%EA%B0%9D%EA%B4%80%EC%8B%9D/S3_%EC%B4%88%EB%93%B1_3_008557.dsl.py/dsl/ HTTP/1.1" 200 128
[04/Jun/2026 14:32:21] "POST /api/editor/problems/TS_01.%EC%B4%88%EB%93%B1%ED%95%99%EA%B5%90_3%ED%95%99%EB%85%84_01.%EA%B0%9D%EA%B4%80%EC%8B%9D/S3_%EC%B4%88%EB%93%B1_3_008557.dsl.py/build/ HTTP/1.1" 200 16453
[04/Jun/2026 14:32:22] "GET /api/editor/problems/ HTTP/1.1" 200 58440
[04/Jun/2026 14:32:26] "GET /api/editor/problems/TS_01.%EC%B4%88%EB%93%B1%ED%95%99%EA%B5%90_3%ED%95%99%EB%85%84_01.%EA%B0%9D%EA%B4%80%EC%8B%9D/S3_%EC%B4%88%EB%93%B1_3_008558.dsl.py/ HTTP/1.1" 200 12256
[04/Jun/2026 14:32:38] "POST /api/editor/problems/TS_01.%EC%B4%88%EB%93%B1%ED%95%99%EA%B5%90_3%ED%95%99%EB%85%84_01.%EA%B0%9D%EA%B4%80%EC%8B%9D/S3_%EC%B4%88%EB%93%B1_3_008558.dsl.py/layout-patch-and-build/ HTTP/1.1" 200 15097
[04/Jun/2026 14:32:48] "POST /api/editor/problems/TS_01.%EC%B4%88%EB%93%B1%ED%95%99%EA%B5%90_3%ED%95%99%EB%85%84_01.%EA%B0%9D%EA%B4%80%EC%8B%9D/S3_%EC%B4%88%EB%93%B1_3_008558.dsl.py/layout-patch-and-build/ HTTP/1.1" 200 15105
[04/Jun/2026 14:33:01] "POST /api/editor/problems/TS_01.%EC%B4%88%EB%93%B1%ED%95%99%EA%B5%90_3%ED%95%99%EB%85%84_01.%EA%B0%9D%EA%B4%80%EC%8B%9D/S3_%EC%B4%88%EB%93%B1_3_008558.dsl.py/layout-patch-and-build/ HTTP/1.1" 200 15105
[04/Jun/2026 14:33:16] "POST /api/editor/problems/TS_01.%EC%B4%88%EB%93%B1%ED%95%99%EA%B5%90_3%ED%95%99%EB%85%84_01.%EA%B0%9D%EA%B4%80%EC%8B%9D/S3_%EC%B4%88%EB%93%B1_3_008558.dsl.py/layout-patch-and-build/ HTTP/1.1" 200 15875
[04/Jun/2026 14:33:25] "POST /api/editor/problems/TS_01.%EC%B4%88%EB%93%B1%ED%95%99%EA%B5%90_3%ED%95%99%EB%85%84_01.%EA%B0%9D%EA%B4%80%EC%8B%9D/S3_%EC%B4%88%EB%93%B1_3_008558.dsl.py/layout-patch-and-build/ HTTP/1.1" 200 15155
[04/Jun/2026 14:33:26] "POST /api/editor/problems/TS_01.%EC%B4%88%EB%93%B1%ED%95%99%EA%B5%90_3%ED%95%99%EB%85%84_01.%EA%B0%9D%EA%B4%80%EC%8B%9D/S3_%EC%B4%88%EB%93%B1_3_008558.dsl.py/layout-patch-and-build/ HTTP/1.1" 200 15155
[04/Jun/2026 14:33:28] "POST /api/editor/problems/TS_01.%EC%B4%88%EB%93%B1%ED%95%99%EA%B5%90_3%ED%95%99%EB%85%84_01.%EA%B0%9D%EA%B4%80%EC%8B%9D/S3_%EC%B4%88%EB%93%B1_3_008558.dsl.py/layout-patch-and-build/ HTTP/1.1" 200 15155
[04/Jun/2026 14:33:32] "POST /api/editor/problems/TS_01.%EC%B4%88%EB%93%B1%ED%95%99%EA%B5%90_3%ED%95%99%EB%85%84_01.%EA%B0%9D%EA%B4%80%EC%8B%9D/S3_%EC%B4%88%EB%93%B1_3_008558.dsl.py/layout-patch-and-build/ HTTP/1.1" 200 15155
[04/Jun/2026 14:33:42] "POST /api/editor/problems/TS_01.%EC%B4%88%EB%93%B1%ED%95%99%EA%B5%90_3%ED%95%99%EB%85%84_01.%EA%B0%9D%EA%B4%80%EC%8B%9D/S3_%EC%B4%88%EB%93%B1_3_008558.dsl.py/layout-patch-and-build/ HTTP/1.1" 200 15155
[04/Jun/2026 14:33:45] "POST /api/editor/problems/TS_01.%EC%B4%88%EB%93%B1%ED%95%99%EA%B5%90_3%ED%95%99%EB%85%84_01.%EA%B0%9D%EA%B4%80%EC%8B%9D/S3_%EC%B4%88%EB%93%B1_3_008558.dsl.py/layout-patch-and-build/ HTTP/1.1" 200 15155
[04/Jun/2026 14:33:50] "POST /api/editor/problems/TS_01.%EC%B4%88%EB%93%B1%ED%95%99%EA%B5%90_3%ED%95%99%EB%85%84_01.%EA%B0%9D%EA%B4%80%EC%8B%9D/S3_%EC%B4%88%EB%93%B1_3_008558.dsl.py/layout-patch-and-build/ HTTP/1.1" 200 15148
[04/Jun/2026 14:33:56] "POST /api/editor/problems/TS_01.%EC%B4%88%EB%93%B1%ED%95%99%EA%B5%90_3%ED%95%99%EB%85%84_01.%EA%B0%9D%EA%B4%80%EC%8B%9D/S3_%EC%B4%88%EB%93%B1_3_008558.dsl.py/layout-patch-and-build/ HTTP/1.1" 200 15148
[04/Jun/2026 14:34:00] "POST /api/editor/problems/TS_01.%EC%B4%88%EB%93%B1%ED%95%99%EA%B5%90_3%ED%95%99%EB%85%84_01.%EA%B0%9D%EA%B4%80%EC%8B%9D/S3_%EC%B4%88%EB%93%B1_3_008558.dsl.py/layout-patch-and-build/ HTTP/1.1" 200 15155
[04/Jun/2026 14:34:06] "POST /api/editor/problems/TS_01.%EC%B4%88%EB%93%B1%ED%95%99%EA%B5%90_3%ED%95%99%EB%85%84_01.%EA%B0%9D%EA%B4%80%EC%8B%9D/S3_%EC%B4%88%EB%93%B1_3_008558.dsl.py/layout-patch-and-build/ HTTP/1.1" 200 15148
[04/Jun/2026 14:34:11] "POST /api/editor/problems/TS_01.%EC%B4%88%EB%93%B1%ED%95%99%EA%B5%90_3%ED%95%99%EB%85%84_01.%EA%B0%9D%EA%B4%80%EC%8B%9D/S3_%EC%B4%88%EB%93%B1_3_008558.dsl.py/layout-patch-and-build/ HTTP/1.1" 200 15155
[04/Jun/2026 14:34:17] "POST /api/editor/problems/TS_01.%EC%B4%88%EB%93%B1%ED%95%99%EA%B5%90_3%ED%95%99%EB%85%84_01.%EA%B0%9D%EA%B4%80%EC%8B%9D/S3_%EC%B4%88%EB%93%B1_3_008558.dsl.py/layout-patch-and-build/ HTTP/1.1" 200 15155
[04/Jun/2026 14:34:21] "POST /api/editor/problems/TS_01.%EC%B4%88%EB%93%B1%ED%95%99%EA%B5%90_3%ED%95%99%EB%85%84_01.%EA%B0%9D%EA%B4%80%EC%8B%9D/S3_%EC%B4%88%EB%93%B1_3_008558.dsl.py/layout-patch-and-build/ HTTP/1.1" 200 15155
[04/Jun/2026 14:34:24] "POST /api/editor/problems/TS_01.%EC%B4%88%EB%93%B1%ED%95%99%EA%B5%90_3%ED%95%99%EB%85%84_01.%EA%B0%9D%EA%B4%80%EC%8B%9D/S3_%EC%B4%88%EB%93%B1_3_008558.dsl.py/dsl/ HTTP/1.1" 200 128
[04/Jun/2026 14:34:25] "POST /api/editor/problems/TS_01.%EC%B4%88%EB%93%B1%ED%95%99%EA%B5%90_3%ED%95%99%EB%85%84_01.%EA%B0%9D%EA%B4%80%EC%8B%9D/S3_%EC%B4%88%EB%93%B1_3_008558.dsl.py/build/ HTTP/1.1" 200 10302
[04/Jun/2026 14:34:26] "GET /api/editor/problems/ HTTP/1.1" 200 58438
[04/Jun/2026 14:34:32] "POST /api/editor/problems/TS_01.%EC%B4%88%EB%93%B1%ED%95%99%EA%B5%90_3%ED%95%99%EB%85%84_01.%EA%B0%9D%EA%B4%80%EC%8B%9D/S3_%EC%B4%88%EB%93%B1_3_008558.dsl.py/layout-patch-and-build/ HTTP/1.1" 200 15148
[04/Jun/2026 14:34:43] "POST /api/editor/problems/TS_01.%EC%B4%88%EB%93%B1%ED%95%99%EA%B5%90_3%ED%95%99%EB%85%84_01.%EA%B0%9D%EA%B4%80%EC%8B%9D/S3_%EC%B4%88%EB%93%B1_3_008558.dsl.py/layout-patch-and-build/ HTTP/1.1" 200 15148
[04/Jun/2026 14:34:46] "POST /api/editor/problems/TS_01.%EC%B4%88%EB%93%B1%ED%95%99%EA%B5%90_3%ED%95%99%EB%85%84_01.%EA%B0%9D%EA%B4%80%EC%8B%9D/S3_%EC%B4%88%EB%93%B1_3_008558.dsl.py/layout-patch-and-build/ HTTP/1.1" 200 15148
[04/Jun/2026 14:34:47] "POST /api/editor/problems/TS_01.%EC%B4%88%EB%93%B1%ED%95%99%EA%B5%90_3%ED%95%99%EB%85%84_01.%EA%B0%9D%EA%B4%80%EC%8B%9D/S3_%EC%B4%88%EB%93%B1_3_008558.dsl.py/dsl/ HTTP/1.1" 200 128
[04/Jun/2026 14:34:49] "POST /api/editor/problems/TS_01.%EC%B4%88%EB%93%B1%ED%95%99%EA%B5%90_3%ED%95%99%EB%85%84_01.%EA%B0%9D%EA%B4%80%EC%8B%9D/S3_%EC%B4%88%EB%93%B1_3_008558.dsl.py/build/ HTTP/1.1" 200 10302
[04/Jun/2026 14:34:50] "GET /api/editor/problems/ HTTP/1.1" 200 58438
[04/Jun/2026 14:36:09] "GET / HTTP/1.1" 302 0
[04/Jun/2026 14:36:09] "GET /editor/ HTTP/1.1" 200 84330
[04/Jun/2026 14:36:10] "GET /api/editor/problems/ HTTP/1.1" 200 58438
[04/Jun/2026 14:36:18] "GET /api/editor/problems/TS_01.%EC%B4%88%EB%93%B1%ED%95%99%EA%B5%90_3%ED%95%99%EB%85%84_01.%EA%B0%9D%EA%B4%80%EC%8B%9D/S3_%EC%B4%88%EB%93%B1_3_008558.dsl.py/ HTTP/1.1" 200 14581
[04/Jun/2026 14:36:25] "POST /api/editor/problems/TS_01.%EC%B4%88%EB%93%B1%ED%95%99%EA%B5%90_3%ED%95%99%EB%85%84_01.%EA%B0%9D%EA%B4%80%EC%8B%9D/S3_%EC%B4%88%EB%93%B1_3_008558.dsl.py/layout-patch-and-build/ HTTP/1.1" 200 15155
[04/Jun/2026 14:36:29] "POST /api/editor/problems/TS_01.%EC%B4%88%EB%93%B1%ED%95%99%EA%B5%90_3%ED%95%99%EB%85%84_01.%EA%B0%9D%EA%B4%80%EC%8B%9D/S3_%EC%B4%88%EB%93%B1_3_008558.dsl.py/dsl/ HTTP/1.1" 200 128
[04/Jun/2026 14:36:30] "POST /api/editor/problems/TS_01.%EC%B4%88%EB%93%B1%ED%95%99%EA%B5%90_3%ED%95%99%EB%85%84_01.%EA%B0%9D%EA%B4%80%EC%8B%9D/S3_%EC%B4%88%EB%93%B1_3_008558.dsl.py/build/ HTTP/1.1" 200 10302
[04/Jun/2026 14:36:31] "GET /api/editor/problems/ HTTP/1.1" 200 58438
[04/Jun/2026 14:38:09] "GET / HTTP/1.1" 302 0
[04/Jun/2026 14:38:09] "GET /editor/ HTTP/1.1" 200 84330
[04/Jun/2026 14:38:10] "GET /api/editor/problems/ HTTP/1.1" 200 57331
[04/Jun/2026 14:38:13] "GET /api/editor/problems/TS_01.%EC%B4%88%EB%93%B1%ED%95%99%EA%B5%90_3%ED%95%99%EB%85%84_01.%EA%B0%9D%EA%B4%80%EC%8B%9D/S3_%EC%B4%88%EB%93%B1_3_008564.dsl.py/ HTTP/1.1" 200 20448
[04/Jun/2026 14:38:22] "POST /api/editor/problems/TS_01.%EC%B4%88%EB%93%B1%ED%95%99%EA%B5%90_3%ED%95%99%EB%85%84_01.%EA%B0%9D%EA%B4%80%EC%8B%9D/S3_%EC%B4%88%EB%93%B1_3_008564.dsl.py/layout-patch-and-build/ HTTP/1.1" 200 21015
[04/Jun/2026 14:38:25] "POST /api/editor/problems/TS_01.%EC%B4%88%EB%93%B1%ED%95%99%EA%B5%90_3%ED%95%99%EB%85%84_01.%EA%B0%9D%EA%B4%80%EC%8B%9D/S3_%EC%B4%88%EB%93%B1_3_008564.dsl.py/layout-patch-and-build/ HTTP/1.1" 200 21023
[04/Jun/2026 14:38:29] "POST /api/editor/problems/TS_01.%EC%B4%88%EB%93%B1%ED%95%99%EA%B5%90_3%ED%95%99%EB%85%84_01.%EA%B0%9D%EA%B4%80%EC%8B%9D/S3_%EC%B4%88%EB%93%B1_3_008564.dsl.py/layout-patch-and-build/ HTTP/1.1" 200 21025
[04/Jun/2026 14:38:40] "POST /api/editor/problems/TS_01.%EC%B4%88%EB%93%B1%ED%95%99%EA%B5%90_3%ED%95%99%EB%85%84_01.%EA%B0%9D%EA%B4%80%EC%8B%9D/S3_%EC%B4%88%EB%93%B1_3_008564.dsl.py/dsl/ HTTP/1.1" 200 128
[04/Jun/2026 14:38:41] "POST /api/editor/problems/TS_01.%EC%B4%88%EB%93%B1%ED%95%99%EA%B5%90_3%ED%95%99%EB%85%84_01.%EA%B0%9D%EA%B4%80%EC%8B%9D/S3_%EC%B4%88%EB%93%B1_3_008564.dsl.py/build/ HTTP/1.1" 200 13882
[04/Jun/2026 14:38:42] "GET /api/editor/problems/ HTTP/1.1" 200 57331
[04/Jun/2026 14:40:14] "GET /editor/ HTTP/1.1" 200 84838
[04/Jun/2026 14:41:08] "GET /editor/ HTTP/1.1" 200 84838
Not Found: /favicon.ico
[04/Jun/2026 14:41:09] "GET /favicon.ico HTTP/1.1" 404 2329
[04/Jun/2026 14:41:10] "GET /api/editor/problems/ HTTP/1.1" 200 57331
[04/Jun/2026 14:41:11] "GET /api/editor/problems/TS_01.%EC%B4%88%EB%93%B1%ED%95%99%EA%B5%90_3%ED%95%99%EB%85%84_01.%EA%B0%9D%EA%B4%80%EC%8B%9D/S3_%EC%B4%88%EB%93%B1_3_008564.dsl.py/ HTTP/1.1" 200 20446
[04/Jun/2026 14:41:51] "GET /editor/ HTTP/1.1" 200 84842
[04/Jun/2026 14:42:19] "GET /editor/ HTTP/1.1" 200 84842
[04/Jun/2026 14:42:20] "GET /api/editor/problems/ HTTP/1.1" 200 57331
[04/Jun/2026 14:42:22] "GET /api/editor/problems/TS_01.%EC%B4%88%EB%93%B1%ED%95%99%EA%B5%90_3%ED%95%99%EB%85%84_01.%EA%B0%9D%EA%B4%80%EC%8B%9D/S3_%EC%B4%88%EB%93%B1_3_008564.dsl.py/ HTTP/1.1" 200 20446
[04/Jun/2026 14:46:47] "GET /editor/ HTTP/1.1" 200 84842
[04/Jun/2026 14:46:47] "GET /api/editor/problems/ HTTP/1.1" 200 57331
[04/Jun/2026 14:46:53] "GET /api/editor/problems/TS_01.%EC%B4%88%EB%93%B1%ED%95%99%EA%B5%90_3%ED%95%99%EB%85%84_01.%EA%B0%9D%EA%B4%80%EC%8B%9D/S3_%EC%B4%88%EB%93%B1_3_008564.dsl.py/ HTTP/1.1" 200 20446
Bad Request: /api/editor/problems/TS_01.\ucd08\ub4f1\ud559\uad50_3\ud559\ub144_01.\uac1d\uad00\uc2dd/S3_\ucd08\ub4f1_3_008564.dsl.py/layout-patch-and-build/
[04/Jun/2026 14:46:58] "POST /api/editor/problems/TS_01.%EC%B4%88%EB%93%B1%ED%95%99%EA%B5%90_3%ED%95%99%EB%85%84_01.%EA%B0%9D%EA%B4%80%EC%8B%9D/S3_%EC%B4%88%EB%93%B1_3_008564.dsl.py/layout-patch-and-build/ HTTP/1.1" 400 70
Bad Request: /api/editor/problems/TS_01.\ucd08\ub4f1\ud559\uad50_3\ud559\ub144_01.\uac1d\uad00\uc2dd/S3_\ucd08\ub4f1_3_008564.dsl.py/layout-patch-and-build/
[04/Jun/2026 14:47:10] "POST /api/editor/problems/TS_01.%EC%B4%88%EB%93%B1%ED%95%99%EA%B5%90_3%ED%95%99%EB%85%84_01.%EA%B0%9D%EA%B4%80%EC%8B%9D/S3_%EC%B4%88%EB%93%B1_3_008564.dsl.py/layout-patch-and-build/ HTTP/1.1" 400 70
Bad Request: /api/editor/problems/TS_01.\ucd08\ub4f1\ud559\uad50_3\ud559\ub144_01.\uac1d\uad00\uc2dd/S3_\ucd08\ub4f1_3_008564.dsl.py/layout-patch-and-build/
[04/Jun/2026 14:47:16] "POST /api/editor/problems/TS_01.%EC%B4%88%EB%93%B1%ED%95%99%EA%B5%90_3%ED%95%99%EB%85%84_01.%EA%B0%9D%EA%B4%80%EC%8B%9D/S3_%EC%B4%88%EB%93%B1_3_008564.dsl.py/layout-patch-and-build/ HTTP/1.1" 400 71
[04/Jun/2026 14:58:13] "GET /editor/ HTTP/1.1" 200 93480
[04/Jun/2026 14:59:57] "GET /editor/ HTTP/1.1" 200 93480
Not Found: /favicon.ico
[04/Jun/2026 14:59:58] "GET /favicon.ico HTTP/1.1" 404 2329
[04/Jun/2026 14:59:58] "GET /editor/ HTTP/1.1" 200 93480
Not Found: /api/editor/problems/TS_01.\ucd08\ub4f1\ud559\uad50_3\ud559\ub144_01.\uac1d\uad00\uc2dd/S3_\ucd08\ub4f1_3_008564/
[04/Jun/2026 14:59:58] "GET /api/editor/problems/TS_01.%EC%B4%88%EB%93%B1%ED%95%99%EA%B5%90_3%ED%95%99%EB%85%84_01.%EA%B0%9D%EA%B4%80%EC%8B%9D/S3_%EC%B4%88%EB%93%B1_3_008564/ HTTP/1.1" 404 136
[04/Jun/2026 14:59:59] "GET /api/editor/problems/ HTTP/1.1" 200 57331
[04/Jun/2026 15:00:26] "GET /editor/ HTTP/1.1" 200 93480
[04/Jun/2026 15:00:26] "GET /editor/ HTTP/1.1" 200 93480
Not Found: /api/editor/problems/TS_01.\ucd08\ub4f1\ud559\uad50_3\ud559\ub144_01.\uac1d\uad00\uc2dd/S3_\ucd08\ub4f1_3_008564/
[04/Jun/2026 15:00:26] "GET /api/editor/problems/TS_01.%EC%B4%88%EB%93%B1%ED%95%99%EA%B5%90_3%ED%95%99%EB%85%84_01.%EA%B0%9D%EA%B4%80%EC%8B%9D/S3_%EC%B4%88%EB%93%B1_3_008564/ HTTP/1.1" 404 136
[04/Jun/2026 15:00:28] "GET /api/editor/problems/ HTTP/1.1" 200 57331
[04/Jun/2026 15:00:35] "GET /api/editor/problems/ HTTP/1.1" 200 57331
[04/Jun/2026 15:01:02] "GET /editor/ HTTP/1.1" 200 93480
[04/Jun/2026 15:01:02] "GET /editor/ HTTP/1.1" 200 93480
[04/Jun/2026 15:01:02] "GET /api/editor/problems/TS_01.%EC%B4%88%EB%93%B1%ED%95%99%EA%B5%90_3%ED%95%99%EB%85%84_01.%EA%B0%9D%EA%B4%80%EC%8B%9D/S3_%EC%B4%88%EB%93%B1_3_008564.dsl.py/ HTTP/1.1" 200 20446
[04/Jun/2026 15:01:04] "GET /api/editor/problems/ HTTP/1.1" 200 57331
[04/Jun/2026 15:01:43] "GET / HTTP/1.1" 302 0
[04/Jun/2026 15:01:43] "GET /editor/ HTTP/1.1" 200 93480
[04/Jun/2026 15:01:44] "GET /api/editor/problems/ HTTP/1.1" 200 57331
[04/Jun/2026 15:01:48] "GET /api/editor/problems/TS_01.%EC%B4%88%EB%93%B1%ED%95%99%EA%B5%90_3%ED%95%99%EB%85%84_01.%EA%B0%9D%EA%B4%80%EC%8B%9D/S3_%EC%B4%88%EB%93%B1_3_008564.dsl.py/ HTTP/1.1" 200 20446
Bad Request: /api/editor/problems/TS_01.\ucd08\ub4f1\ud559\uad50_3\ud559\ub144_01.\uac1d\uad00\uc2dd/S3_\ucd08\ub4f1_3_008564.dsl.py/layout-patch-and-build/
[04/Jun/2026 15:01:53] "POST /api/editor/problems/TS_01.%EC%B4%88%EB%93%B1%ED%95%99%EA%B5%90_3%ED%95%99%EB%85%84_01.%EA%B0%9D%EA%B4%80%EC%8B%9D/S3_%EC%B4%88%EB%93%B1_3_008564.dsl.py/layout-patch-and-build/ HTTP/1.1" 400 70
Bad Request: /api/editor/problems/TS_01.\ucd08\ub4f1\ud559\uad50_3\ud559\ub144_01.\uac1d\uad00\uc2dd/S3_\ucd08\ub4f1_3_008564.dsl.py/layout-patch-and-build/
[04/Jun/2026 15:01:56] "POST /api/editor/problems/TS_01.%EC%B4%88%EB%93%B1%ED%95%99%EA%B5%90_3%ED%95%99%EB%85%84_01.%EA%B0%9D%EA%B4%80%EC%8B%9D/S3_%EC%B4%88%EB%93%B1_3_008564.dsl.py/layout-patch-and-build/ HTTP/1.1" 400 71
[04/Jun/2026 15:02:02] "POST /api/editor/problems/TS_01.%EC%B4%88%EB%93%B1%ED%95%99%EA%B5%90_3%ED%95%99%EB%85%84_01.%EA%B0%9D%EA%B4%80%EC%8B%9D/S3_%EC%B4%88%EB%93%B1_3_008564.dsl.py/layout-patch-and-build/ HTTP/1.1" 200 21019
[04/Jun/2026 15:02:04] "POST /api/editor/problems/TS_01.%EC%B4%88%EB%93%B1%ED%95%99%EA%B5%90_3%ED%95%99%EB%85%84_01.%EA%B0%9D%EA%B4%80%EC%8B%9D/S3_%EC%B4%88%EB%93%B1_3_008564.dsl.py/layout-patch-and-build/ HTTP/1.1" 200 21019
Bad Request: /api/editor/problems/TS_01.\ucd08\ub4f1\ud559\uad50_3\ud559\ub144_01.\uac1d\uad00\uc2dd/S3_\ucd08\ub4f1_3_008564.dsl.py/layout-patch-and-build/
[04/Jun/2026 15:02:07] "POST /api/editor/problems/TS_01.%EC%B4%88%EB%93%B1%ED%95%99%EA%B5%90_3%ED%95%99%EB%85%84_01.%EA%B0%9D%EA%B4%80%EC%8B%9D/S3_%EC%B4%88%EB%93%B1_3_008564.dsl.py/layout-patch-and-build/ HTTP/1.1" 400 70
Bad Request: /api/editor/problems/TS_01.\ucd08\ub4f1\ud559\uad50_3\ud559\ub144_01.\uac1d\uad00\uc2dd/S3_\ucd08\ub4f1_3_008564.dsl.py/layout-patch-and-build/
[04/Jun/2026 15:02:10] "POST /api/editor/problems/TS_01.%EC%B4%88%EB%93%B1%ED%95%99%EA%B5%90_3%ED%95%99%EB%85%84_01.%EA%B0%9D%EA%B4%80%EC%8B%9D/S3_%EC%B4%88%EB%93%B1_3_008564.dsl.py/layout-patch-and-build/ HTTP/1.1" 400 71
[04/Jun/2026 15:02:12] "POST /api/editor/problems/TS_01.%EC%B4%88%EB%93%B1%ED%95%99%EA%B5%90_3%ED%95%99%EB%85%84_01.%EA%B0%9D%EA%B4%80%EC%8B%9D/S3_%EC%B4%88%EB%93%B1_3_008564.dsl.py/dsl/ HTTP/1.1" 200 128
[04/Jun/2026 15:02:14] "POST /api/editor/problems/TS_01.%EC%B4%88%EB%93%B1%ED%95%99%EA%B5%90_3%ED%95%99%EB%85%84_01.%EA%B0%9D%EA%B4%80%EC%8B%9D/S3_%EC%B4%88%EB%93%B1_3_008564.dsl.py/build/ HTTP/1.1" 200 13882
[04/Jun/2026 15:02:15] "GET /api/editor/problems/ HTTP/1.1" 200 57331
[04/Jun/2026 15:02:22] "POST /api/editor/problems/TS_01.%EC%B4%88%EB%93%B1%ED%95%99%EA%B5%90_3%ED%95%99%EB%85%84_01.%EA%B0%9D%EA%B4%80%EC%8B%9D/S3_%EC%B4%88%EB%93%B1_3_008564.dsl.py/layout-patch-and-build/ HTTP/1.1" 200 21015
[04/Jun/2026 15:02:24] "POST /api/editor/problems/TS_01.%EC%B4%88%EB%93%B1%ED%95%99%EA%B5%90_3%ED%95%99%EB%85%84_01.%EA%B0%9D%EA%B4%80%EC%8B%9D/S3_%EC%B4%88%EB%93%B1_3_008564.dsl.py/layout-patch-and-build/ HTTP/1.1" 200 21015
[04/Jun/2026 15:02:26] "POST /api/editor/problems/TS_01.%EC%B4%88%EB%93%B1%ED%95%99%EA%B5%90_3%ED%95%99%EB%85%84_01.%EA%B0%9D%EA%B4%80%EC%8B%9D/S3_%EC%B4%88%EB%93%B1_3_008564.dsl.py/layout-patch-and-build/ HTTP/1.1" 200 21019
[04/Jun/2026 15:02:27] "POST /api/editor/problems/TS_01.%EC%B4%88%EB%93%B1%ED%95%99%EA%B5%90_3%ED%95%99%EB%85%84_01.%EA%B0%9D%EA%B4%80%EC%8B%9D/S3_%EC%B4%88%EB%93%B1_3_008564.dsl.py/dsl/ HTTP/1.1" 200 128
[04/Jun/2026 15:02:29] "POST /api/editor/problems/TS_01.%EC%B4%88%EB%93%B1%ED%95%99%EA%B5%90_3%ED%95%99%EB%85%84_01.%EA%B0%9D%EA%B4%80%EC%8B%9D/S3_%EC%B4%88%EB%93%B1_3_008564.dsl.py/build/ HTTP/1.1" 200 13882
[04/Jun/2026 15:02:30] "GET /api/editor/problems/ HTTP/1.1" 200 57331
